[2026-02-27T10:16:48.047+0000] {taskinstance.py:1956} INFO - Dependencies all met for dep_context=non-requeueable deps ti=<TaskInstance: data_pipeline.fetch_and_produce_fred scheduled__2026-02-27T09:00:00+00:00 [queued]>
[2026-02-27T10:16:48.052+0000] {taskinstance.py:1956} INFO - Dependencies all met for dep_context=requeueable deps ti=<TaskInstance: data_pipeline.fetch_and_produce_fred scheduled__2026-02-27T09:00:00+00:00 [queued]>
[2026-02-27T10:16:48.053+0000] {taskinstance.py:2170} INFO - Starting attempt 1 of 1
[2026-02-27T10:16:48.067+0000] {taskinstance.py:2191} INFO - Executing <Task(PythonOperator): fetch_and_produce_fred> on 2026-02-27 09:00:00+00:00
[2026-02-27T10:16:48.074+0000] {standard_task_runner.py:60} INFO - Started process 182 to run task
[2026-02-27T10:16:48.077+0000] {standard_task_runner.py:87} INFO - Running: ['airflow', 'tasks', 'run', 'data_pipeline', 'fetch_and_produce_fred', 'scheduled__2026-02-27T09:00:00+00:00', '--job-id', '10', '--raw', '--subdir', 'DAGS_FOLDER/data_pipeline.py', '--cfg-path', '/tmp/tmp4346h2p3']
[2026-02-27T10:16:48.079+0000] {standard_task_runner.py:88} INFO - Job 10: Subtask fetch_and_produce_fred
[2026-02-27T10:16:48.118+0000] {task_command.py:423} INFO - Running <TaskInstance: data_pipeline.fetch_and_produce_fred scheduled__2026-02-27T09:00:00+00:00 [running]> on host 5f92979ed134
[2026-02-27T10:16:48.179+0000] {taskinstance.py:2480} INFO - Exporting env vars: AIRFLOW_CTX_DAG_OWNER='airflow' AIRFLOW_CTX_DAG_ID='data_pipeline' AIRFLOW_CTX_TASK_ID='fetch_and_produce_fred' AIRFLOW_CTX_EXECUTION_DATE='2026-02-27T09:00:00+00:00' AIRFLOW_CTX_TRY_NUMBER='1' AIRFLOW_CTX_DAG_RUN_ID='scheduled__2026-02-27T09:00:00+00:00'
[2026-02-27T10:16:49.721+0000] {logging_mixin.py:188} INFO - ⚠ No data returned for GDP
[2026-02-27T10:16:50.036+0000] {logging_mixin.py:188} INFO - ⚠ No data returned for PCE
[2026-02-27T10:16:51.812+0000] {taskinstance.py:2698} ERROR - Task failed with exception
Traceback (most recent call last):
  File "/home/airflow/.local/lib/python3.8/site-packages/airflow/models/taskinstance.py", line 433, in _execute_task
    result = execute_callable(context=context, **execute_callable_kwargs)
  File "/home/airflow/.local/lib/python3.8/site-packages/airflow/operators/python.py", line 199, in execute
    return_value = self.execute_callable()
  File "/home/airflow/.local/lib/python3.8/site-packages/airflow/operators/python.py", line 216, in execute_callable
    return self.python_callable(*self.op_args, **self.op_kwargs)
  File "/opt/airflow/dags/data_pipeline.py", line 14, in run_fred_task
    fred_test.run_and_produce()  # nouvelle fonction dans fred_test.py
  File "/opt/airflow/dags/fred_test.py", line 72, in run_and_produce
    producer.produce(topic, json.dumps(msg))
  File "/usr/local/lib/python3.8/json/__init__.py", line 231, in dumps
    return _default_encoder.encode(obj)
  File "/usr/local/lib/python3.8/json/encoder.py", line 199, in encode
    chunks = self.iterencode(o, _one_shot=True)
  File "/usr/local/lib/python3.8/json/encoder.py", line 257, in iterencode
    return _iterencode(o, 0)
  File "/usr/local/lib/python3.8/json/encoder.py", line 179, in default
    raise TypeError(f'Object of type {o.__class__.__name__} '
TypeError: Object of type Timestamp is not JSON serializable
[2026-02-27T10:16:51.825+0000] {taskinstance.py:1138} INFO - Marking task as FAILED. dag_id=data_pipeline, task_id=fetch_and_produce_fred, execution_date=20260227T090000, start_date=20260227T101648, end_date=20260227T101651
[2026-02-27T10:16:51.837+0000] {standard_task_runner.py:107} ERROR - Failed to execute job 10 for task fetch_and_produce_fred (Object of type Timestamp is not JSON serializable; 182)
[2026-02-27T10:16:51.861+0000] {local_task_job_runner.py:234} INFO - Task exited with return code 1
[2026-02-27T10:16:51.870+0000] {taskinstance.py:3280} INFO - 0 downstream tasks scheduled from follow-on schedule check
