[2026-02-27T00:00:18.410+0000] {processor.py:161} INFO - Started process (PID=512) to work on /opt/airflow/dags/data_pipeline.py
[2026-02-27T00:00:18.413+0000] {processor.py:830} INFO - Processing file /opt/airflow/dags/data_pipeline.py for tasks to queue
[2026-02-27T00:00:18.415+0000] {logging_mixin.py:188} INFO - [2026-02-27T00:00:18.415+0000] {dagbag.py:538} INFO - Filling up the DagBag from /opt/airflow/dags/data_pipeline.py
[2026-02-27T00:00:18.467+0000] {processor.py:840} INFO - DAG(s) 'data_pipeline' retrieved from /opt/airflow/dags/data_pipeline.py
[2026-02-27T00:00:18.496+0000] {logging_mixin.py:188} INFO - [2026-02-27T00:00:18.495+0000] {dag.py:3036} INFO - Sync 1 DAGs
[2026-02-27T00:00:18.523+0000] {logging_mixin.py:188} INFO - [2026-02-27T00:00:18.522+0000] {dag.py:3823} INFO - Setting next_dagrun for data_pipeline to 2026-02-27 00:00:00+00:00, run_after=2026-02-27 01:00:00+00:00
[2026-02-27T00:00:18.553+0000] {processor.py:183} INFO - Processing /opt/airflow/dags/data_pipeline.py took 0.148 seconds
[2026-02-27T00:00:48.860+0000] {processor.py:161} INFO - Started process (PID=513) to work on /opt/airflow/dags/data_pipeline.py
[2026-02-27T00:00:48.862+0000] {processor.py:830} INFO - Processing file /opt/airflow/dags/data_pipeline.py for tasks to queue
[2026-02-27T00:00:48.865+0000] {logging_mixin.py:188} INFO - [2026-02-27T00:00:48.864+0000] {dagbag.py:538} INFO - Filling up the DagBag from /opt/airflow/dags/data_pipeline.py
[2026-02-27T00:00:48.913+0000] {processor.py:840} INFO - DAG(s) 'data_pipeline' retrieved from /opt/airflow/dags/data_pipeline.py
[2026-02-27T00:00:48.949+0000] {logging_mixin.py:188} INFO - [2026-02-27T00:00:48.949+0000] {dag.py:3036} INFO - Sync 1 DAGs
[2026-02-27T00:00:48.979+0000] {logging_mixin.py:188} INFO - [2026-02-27T00:00:48.979+0000] {dag.py:3823} INFO - Setting next_dagrun for data_pipeline to 2026-02-27 00:00:00+00:00, run_after=2026-02-27 01:00:00+00:00
[2026-02-27T00:00:49.016+0000] {processor.py:183} INFO - Processing /opt/airflow/dags/data_pipeline.py took 0.160 seconds
[2026-02-27T00:01:19.349+0000] {processor.py:161} INFO - Started process (PID=514) to work on /opt/airflow/dags/data_pipeline.py
[2026-02-27T00:01:19.351+0000] {processor.py:830} INFO - Processing file /opt/airflow/dags/data_pipeline.py for tasks to queue
[2026-02-27T00:01:19.354+0000] {logging_mixin.py:188} INFO - [2026-02-27T00:01:19.354+0000] {dagbag.py:538} INFO - Filling up the DagBag from /opt/airflow/dags/data_pipeline.py
[2026-02-27T00:01:19.409+0000] {processor.py:840} INFO - DAG(s) 'data_pipeline' retrieved from /opt/airflow/dags/data_pipeline.py
[2026-02-27T00:01:19.438+0000] {logging_mixin.py:188} INFO - [2026-02-27T00:01:19.437+0000] {dag.py:3036} INFO - Sync 1 DAGs
[2026-02-27T00:01:19.467+0000] {logging_mixin.py:188} INFO - [2026-02-27T00:01:19.467+0000] {dag.py:3823} INFO - Setting next_dagrun for data_pipeline to 2026-02-27 00:00:00+00:00, run_after=2026-02-27 01:00:00+00:00
[2026-02-27T00:01:19.514+0000] {processor.py:183} INFO - Processing /opt/airflow/dags/data_pipeline.py took 0.170 seconds
[2026-02-27T00:01:49.888+0000] {processor.py:161} INFO - Started process (PID=515) to work on /opt/airflow/dags/data_pipeline.py
[2026-02-27T00:01:49.890+0000] {processor.py:830} INFO - Processing file /opt/airflow/dags/data_pipeline.py for tasks to queue
[2026-02-27T00:01:49.893+0000] {logging_mixin.py:188} INFO - [2026-02-27T00:01:49.893+0000] {dagbag.py:538} INFO - Filling up the DagBag from /opt/airflow/dags/data_pipeline.py
[2026-02-27T00:01:49.947+0000] {processor.py:840} INFO - DAG(s) 'data_pipeline' retrieved from /opt/airflow/dags/data_pipeline.py
[2026-02-27T00:01:49.976+0000] {logging_mixin.py:188} INFO - [2026-02-27T00:01:49.975+0000] {dag.py:3036} INFO - Sync 1 DAGs
[2026-02-27T00:01:50.005+0000] {logging_mixin.py:188} INFO - [2026-02-27T00:01:50.005+0000] {dag.py:3823} INFO - Setting next_dagrun for data_pipeline to 2026-02-27 00:00:00+00:00, run_after=2026-02-27 01:00:00+00:00
[2026-02-27T00:01:50.055+0000] {processor.py:183} INFO - Processing /opt/airflow/dags/data_pipeline.py took 0.172 seconds
[2026-02-27T00:02:20.403+0000] {processor.py:161} INFO - Started process (PID=516) to work on /opt/airflow/dags/data_pipeline.py
[2026-02-27T00:02:20.406+0000] {processor.py:830} INFO - Processing file /opt/airflow/dags/data_pipeline.py for tasks to queue
[2026-02-27T00:02:20.408+0000] {logging_mixin.py:188} INFO - [2026-02-27T00:02:20.408+0000] {dagbag.py:538} INFO - Filling up the DagBag from /opt/airflow/dags/data_pipeline.py
[2026-02-27T00:02:20.463+0000] {processor.py:840} INFO - DAG(s) 'data_pipeline' retrieved from /opt/airflow/dags/data_pipeline.py
[2026-02-27T00:02:20.490+0000] {logging_mixin.py:188} INFO - [2026-02-27T00:02:20.490+0000] {dag.py:3036} INFO - Sync 1 DAGs
[2026-02-27T00:02:20.518+0000] {logging_mixin.py:188} INFO - [2026-02-27T00:02:20.518+0000] {dag.py:3823} INFO - Setting next_dagrun for data_pipeline to 2026-02-27 00:00:00+00:00, run_after=2026-02-27 01:00:00+00:00
[2026-02-27T00:02:20.550+0000] {processor.py:183} INFO - Processing /opt/airflow/dags/data_pipeline.py took 0.152 seconds
[2026-02-27T00:02:50.870+0000] {processor.py:161} INFO - Started process (PID=517) to work on /opt/airflow/dags/data_pipeline.py
[2026-02-27T00:02:50.874+0000] {processor.py:830} INFO - Processing file /opt/airflow/dags/data_pipeline.py for tasks to queue
[2026-02-27T00:02:50.876+0000] {logging_mixin.py:188} INFO - [2026-02-27T00:02:50.876+0000] {dagbag.py:538} INFO - Filling up the DagBag from /opt/airflow/dags/data_pipeline.py
[2026-02-27T00:02:50.933+0000] {processor.py:840} INFO - DAG(s) 'data_pipeline' retrieved from /opt/airflow/dags/data_pipeline.py
[2026-02-27T00:02:50.963+0000] {logging_mixin.py:188} INFO - [2026-02-27T00:02:50.962+0000] {dag.py:3036} INFO - Sync 1 DAGs
[2026-02-27T00:02:50.989+0000] {logging_mixin.py:188} INFO - [2026-02-27T00:02:50.989+0000] {dag.py:3823} INFO - Setting next_dagrun for data_pipeline to 2026-02-27 00:00:00+00:00, run_after=2026-02-27 01:00:00+00:00
[2026-02-27T00:02:51.022+0000] {processor.py:183} INFO - Processing /opt/airflow/dags/data_pipeline.py took 0.157 seconds
[2026-02-27T00:06:05.765+0000] {processor.py:161} INFO - Started process (PID=520) to work on /opt/airflow/dags/data_pipeline.py
[2026-02-27T00:06:05.778+0000] {processor.py:830} INFO - Processing file /opt/airflow/dags/data_pipeline.py for tasks to queue
[2026-02-27T00:06:05.788+0000] {logging_mixin.py:188} INFO - [2026-02-27T00:06:05.787+0000] {dagbag.py:538} INFO - Filling up the DagBag from /opt/airflow/dags/data_pipeline.py
[2026-02-27T00:06:06.179+0000] {processor.py:840} INFO - DAG(s) 'data_pipeline' retrieved from /opt/airflow/dags/data_pipeline.py
[2026-02-27T00:06:06.286+0000] {logging_mixin.py:188} INFO - [2026-02-27T00:06:06.286+0000] {dag.py:3036} INFO - Sync 1 DAGs
[2026-02-27T00:06:06.377+0000] {logging_mixin.py:188} INFO - [2026-02-27T00:06:06.377+0000] {dag.py:3823} INFO - Setting next_dagrun for data_pipeline to 2026-02-27 00:00:00+00:00, run_after=2026-02-27 01:00:00+00:00
[2026-02-27T00:06:06.535+0000] {processor.py:183} INFO - Processing /opt/airflow/dags/data_pipeline.py took 0.823 seconds
[2026-02-27T00:06:36.883+0000] {processor.py:161} INFO - Started process (PID=522) to work on /opt/airflow/dags/data_pipeline.py
[2026-02-27T00:06:36.884+0000] {processor.py:830} INFO - Processing file /opt/airflow/dags/data_pipeline.py for tasks to queue
[2026-02-27T00:06:36.885+0000] {logging_mixin.py:188} INFO - [2026-02-27T00:06:36.885+0000] {dagbag.py:538} INFO - Filling up the DagBag from /opt/airflow/dags/data_pipeline.py
[2026-02-27T00:06:36.908+0000] {processor.py:840} INFO - DAG(s) 'data_pipeline' retrieved from /opt/airflow/dags/data_pipeline.py
[2026-02-27T00:06:36.926+0000] {logging_mixin.py:188} INFO - [2026-02-27T00:06:36.925+0000] {dag.py:3036} INFO - Sync 1 DAGs
[2026-02-27T00:06:36.945+0000] {logging_mixin.py:188} INFO - [2026-02-27T00:06:36.945+0000] {dag.py:3823} INFO - Setting next_dagrun for data_pipeline to 2026-02-27 00:00:00+00:00, run_after=2026-02-27 01:00:00+00:00
[2026-02-27T00:06:36.968+0000] {processor.py:183} INFO - Processing /opt/airflow/dags/data_pipeline.py took 0.089 seconds
[2026-02-27T00:07:07.066+0000] {processor.py:161} INFO - Started process (PID=523) to work on /opt/airflow/dags/data_pipeline.py
[2026-02-27T00:07:07.067+0000] {processor.py:830} INFO - Processing file /opt/airflow/dags/data_pipeline.py for tasks to queue
[2026-02-27T00:07:07.068+0000] {logging_mixin.py:188} INFO - [2026-02-27T00:07:07.068+0000] {dagbag.py:538} INFO - Filling up the DagBag from /opt/airflow/dags/data_pipeline.py
[2026-02-27T00:07:07.084+0000] {processor.py:840} INFO - DAG(s) 'data_pipeline' retrieved from /opt/airflow/dags/data_pipeline.py
[2026-02-27T00:07:07.101+0000] {logging_mixin.py:188} INFO - [2026-02-27T00:07:07.101+0000] {dag.py:3036} INFO - Sync 1 DAGs
[2026-02-27T00:07:07.118+0000] {logging_mixin.py:188} INFO - [2026-02-27T00:07:07.118+0000] {dag.py:3823} INFO - Setting next_dagrun for data_pipeline to 2026-02-27 00:00:00+00:00, run_after=2026-02-27 01:00:00+00:00
[2026-02-27T00:07:07.138+0000] {processor.py:183} INFO - Processing /opt/airflow/dags/data_pipeline.py took 0.074 seconds
[2026-02-27T00:07:37.278+0000] {processor.py:161} INFO - Started process (PID=524) to work on /opt/airflow/dags/data_pipeline.py
[2026-02-27T00:07:37.279+0000] {processor.py:830} INFO - Processing file /opt/airflow/dags/data_pipeline.py for tasks to queue
[2026-02-27T00:07:37.280+0000] {logging_mixin.py:188} INFO - [2026-02-27T00:07:37.280+0000] {dagbag.py:538} INFO - Filling up the DagBag from /opt/airflow/dags/data_pipeline.py
[2026-02-27T00:07:37.297+0000] {processor.py:840} INFO - DAG(s) 'data_pipeline' retrieved from /opt/airflow/dags/data_pipeline.py
[2026-02-27T00:07:37.315+0000] {logging_mixin.py:188} INFO - [2026-02-27T00:07:37.315+0000] {dag.py:3036} INFO - Sync 1 DAGs
[2026-02-27T00:07:37.334+0000] {logging_mixin.py:188} INFO - [2026-02-27T00:07:37.333+0000] {dag.py:3823} INFO - Setting next_dagrun for data_pipeline to 2026-02-27 00:00:00+00:00, run_after=2026-02-27 01:00:00+00:00
[2026-02-27T00:07:37.387+0000] {processor.py:183} INFO - Processing /opt/airflow/dags/data_pipeline.py took 0.111 seconds
[2026-02-27T00:08:07.574+0000] {processor.py:161} INFO - Started process (PID=525) to work on /opt/airflow/dags/data_pipeline.py
[2026-02-27T00:08:07.575+0000] {processor.py:830} INFO - Processing file /opt/airflow/dags/data_pipeline.py for tasks to queue
[2026-02-27T00:08:07.576+0000] {logging_mixin.py:188} INFO - [2026-02-27T00:08:07.575+0000] {dagbag.py:538} INFO - Filling up the DagBag from /opt/airflow/dags/data_pipeline.py
[2026-02-27T00:08:07.590+0000] {processor.py:840} INFO - DAG(s) 'data_pipeline' retrieved from /opt/airflow/dags/data_pipeline.py
[2026-02-27T00:08:07.608+0000] {logging_mixin.py:188} INFO - [2026-02-27T00:08:07.608+0000] {dag.py:3036} INFO - Sync 1 DAGs
[2026-02-27T00:08:07.626+0000] {logging_mixin.py:188} INFO - [2026-02-27T00:08:07.625+0000] {dag.py:3823} INFO - Setting next_dagrun for data_pipeline to 2026-02-27 00:00:00+00:00, run_after=2026-02-27 01:00:00+00:00
[2026-02-27T00:08:07.653+0000] {processor.py:183} INFO - Processing /opt/airflow/dags/data_pipeline.py took 0.083 seconds
[2026-02-27T00:08:37.787+0000] {processor.py:161} INFO - Started process (PID=526) to work on /opt/airflow/dags/data_pipeline.py
[2026-02-27T00:08:37.788+0000] {processor.py:830} INFO - Processing file /opt/airflow/dags/data_pipeline.py for tasks to queue
[2026-02-27T00:08:37.790+0000] {logging_mixin.py:188} INFO - [2026-02-27T00:08:37.789+0000] {dagbag.py:538} INFO - Filling up the DagBag from /opt/airflow/dags/data_pipeline.py
[2026-02-27T00:08:37.809+0000] {processor.py:840} INFO - DAG(s) 'data_pipeline' retrieved from /opt/airflow/dags/data_pipeline.py
[2026-02-27T00:08:37.829+0000] {logging_mixin.py:188} INFO - [2026-02-27T00:08:37.829+0000] {dag.py:3036} INFO - Sync 1 DAGs
[2026-02-27T00:08:37.849+0000] {logging_mixin.py:188} INFO - [2026-02-27T00:08:37.849+0000] {dag.py:3823} INFO - Setting next_dagrun for data_pipeline to 2026-02-27 00:00:00+00:00, run_after=2026-02-27 01:00:00+00:00
[2026-02-27T00:08:37.874+0000] {processor.py:183} INFO - Processing /opt/airflow/dags/data_pipeline.py took 0.089 seconds
[2026-02-27T00:09:08.081+0000] {processor.py:161} INFO - Started process (PID=527) to work on /opt/airflow/dags/data_pipeline.py
[2026-02-27T00:09:08.083+0000] {processor.py:830} INFO - Processing file /opt/airflow/dags/data_pipeline.py for tasks to queue
[2026-02-27T00:09:08.084+0000] {logging_mixin.py:188} INFO - [2026-02-27T00:09:08.084+0000] {dagbag.py:538} INFO - Filling up the DagBag from /opt/airflow/dags/data_pipeline.py
[2026-02-27T00:09:08.106+0000] {processor.py:840} INFO - DAG(s) 'data_pipeline' retrieved from /opt/airflow/dags/data_pipeline.py
[2026-02-27T00:09:08.127+0000] {logging_mixin.py:188} INFO - [2026-02-27T00:09:08.127+0000] {dag.py:3036} INFO - Sync 1 DAGs
[2026-02-27T00:09:08.146+0000] {logging_mixin.py:188} INFO - [2026-02-27T00:09:08.146+0000] {dag.py:3823} INFO - Setting next_dagrun for data_pipeline to 2026-02-27 00:00:00+00:00, run_after=2026-02-27 01:00:00+00:00
[2026-02-27T00:09:08.169+0000] {processor.py:183} INFO - Processing /opt/airflow/dags/data_pipeline.py took 0.091 seconds
[2026-02-27T00:09:38.371+0000] {processor.py:161} INFO - Started process (PID=528) to work on /opt/airflow/dags/data_pipeline.py
[2026-02-27T00:09:38.372+0000] {processor.py:830} INFO - Processing file /opt/airflow/dags/data_pipeline.py for tasks to queue
[2026-02-27T00:09:38.374+0000] {logging_mixin.py:188} INFO - [2026-02-27T00:09:38.374+0000] {dagbag.py:538} INFO - Filling up the DagBag from /opt/airflow/dags/data_pipeline.py
[2026-02-27T00:09:38.390+0000] {processor.py:840} INFO - DAG(s) 'data_pipeline' retrieved from /opt/airflow/dags/data_pipeline.py
[2026-02-27T00:09:38.408+0000] {logging_mixin.py:188} INFO - [2026-02-27T00:09:38.408+0000] {dag.py:3036} INFO - Sync 1 DAGs
[2026-02-27T00:09:38.425+0000] {logging_mixin.py:188} INFO - [2026-02-27T00:09:38.425+0000] {dag.py:3823} INFO - Setting next_dagrun for data_pipeline to 2026-02-27 00:00:00+00:00, run_after=2026-02-27 01:00:00+00:00
[2026-02-27T00:09:38.448+0000] {processor.py:183} INFO - Processing /opt/airflow/dags/data_pipeline.py took 0.079 seconds
[2026-02-27T00:10:08.546+0000] {processor.py:161} INFO - Started process (PID=529) to work on /opt/airflow/dags/data_pipeline.py
[2026-02-27T00:10:08.547+0000] {processor.py:830} INFO - Processing file /opt/airflow/dags/data_pipeline.py for tasks to queue
[2026-02-27T00:10:08.548+0000] {logging_mixin.py:188} INFO - [2026-02-27T00:10:08.547+0000] {dagbag.py:538} INFO - Filling up the DagBag from /opt/airflow/dags/data_pipeline.py
[2026-02-27T00:10:08.563+0000] {processor.py:840} INFO - DAG(s) 'data_pipeline' retrieved from /opt/airflow/dags/data_pipeline.py
[2026-02-27T00:10:08.580+0000] {logging_mixin.py:188} INFO - [2026-02-27T00:10:08.580+0000] {dag.py:3036} INFO - Sync 1 DAGs
[2026-02-27T00:10:08.597+0000] {logging_mixin.py:188} INFO - [2026-02-27T00:10:08.597+0000] {dag.py:3823} INFO - Setting next_dagrun for data_pipeline to 2026-02-27 00:00:00+00:00, run_after=2026-02-27 01:00:00+00:00
[2026-02-27T00:10:08.619+0000] {processor.py:183} INFO - Processing /opt/airflow/dags/data_pipeline.py took 0.076 seconds
[2026-02-27T00:10:38.739+0000] {processor.py:161} INFO - Started process (PID=530) to work on /opt/airflow/dags/data_pipeline.py
[2026-02-27T00:10:38.740+0000] {processor.py:830} INFO - Processing file /opt/airflow/dags/data_pipeline.py for tasks to queue
[2026-02-27T00:10:38.741+0000] {logging_mixin.py:188} INFO - [2026-02-27T00:10:38.740+0000] {dagbag.py:538} INFO - Filling up the DagBag from /opt/airflow/dags/data_pipeline.py
[2026-02-27T00:10:38.758+0000] {processor.py:840} INFO - DAG(s) 'data_pipeline' retrieved from /opt/airflow/dags/data_pipeline.py
[2026-02-27T00:10:38.775+0000] {logging_mixin.py:188} INFO - [2026-02-27T00:10:38.775+0000] {dag.py:3036} INFO - Sync 1 DAGs
[2026-02-27T00:10:38.791+0000] {logging_mixin.py:188} INFO - [2026-02-27T00:10:38.791+0000] {dag.py:3823} INFO - Setting next_dagrun for data_pipeline to 2026-02-27 00:00:00+00:00, run_after=2026-02-27 01:00:00+00:00
[2026-02-27T00:10:38.813+0000] {processor.py:183} INFO - Processing /opt/airflow/dags/data_pipeline.py took 0.076 seconds
[2026-02-27T00:11:08.939+0000] {processor.py:161} INFO - Started process (PID=531) to work on /opt/airflow/dags/data_pipeline.py
[2026-02-27T00:11:08.939+0000] {processor.py:830} INFO - Processing file /opt/airflow/dags/data_pipeline.py for tasks to queue
[2026-02-27T00:11:08.940+0000] {logging_mixin.py:188} INFO - [2026-02-27T00:11:08.940+0000] {dagbag.py:538} INFO - Filling up the DagBag from /opt/airflow/dags/data_pipeline.py
[2026-02-27T00:11:08.958+0000] {processor.py:840} INFO - DAG(s) 'data_pipeline' retrieved from /opt/airflow/dags/data_pipeline.py
[2026-02-27T00:11:08.974+0000] {logging_mixin.py:188} INFO - [2026-02-27T00:11:08.974+0000] {dag.py:3036} INFO - Sync 1 DAGs
[2026-02-27T00:11:08.990+0000] {logging_mixin.py:188} INFO - [2026-02-27T00:11:08.990+0000] {dag.py:3823} INFO - Setting next_dagrun for data_pipeline to 2026-02-27 00:00:00+00:00, run_after=2026-02-27 01:00:00+00:00
[2026-02-27T00:11:09.016+0000] {processor.py:183} INFO - Processing /opt/airflow/dags/data_pipeline.py took 0.079 seconds
[2026-02-27T00:11:39.119+0000] {processor.py:161} INFO - Started process (PID=532) to work on /opt/airflow/dags/data_pipeline.py
[2026-02-27T00:11:39.120+0000] {processor.py:830} INFO - Processing file /opt/airflow/dags/data_pipeline.py for tasks to queue
[2026-02-27T00:11:39.122+0000] {logging_mixin.py:188} INFO - [2026-02-27T00:11:39.121+0000] {dagbag.py:538} INFO - Filling up the DagBag from /opt/airflow/dags/data_pipeline.py
[2026-02-27T00:11:39.141+0000] {processor.py:840} INFO - DAG(s) 'data_pipeline' retrieved from /opt/airflow/dags/data_pipeline.py
[2026-02-27T00:11:39.160+0000] {logging_mixin.py:188} INFO - [2026-02-27T00:11:39.160+0000] {dag.py:3036} INFO - Sync 1 DAGs
[2026-02-27T00:11:39.177+0000] {logging_mixin.py:188} INFO - [2026-02-27T00:11:39.177+0000] {dag.py:3823} INFO - Setting next_dagrun for data_pipeline to 2026-02-27 00:00:00+00:00, run_after=2026-02-27 01:00:00+00:00
[2026-02-27T00:11:39.198+0000] {processor.py:183} INFO - Processing /opt/airflow/dags/data_pipeline.py took 0.081 seconds
[2026-02-27T00:12:09.319+0000] {processor.py:161} INFO - Started process (PID=533) to work on /opt/airflow/dags/data_pipeline.py
[2026-02-27T00:12:09.320+0000] {processor.py:830} INFO - Processing file /opt/airflow/dags/data_pipeline.py for tasks to queue
[2026-02-27T00:12:09.322+0000] {logging_mixin.py:188} INFO - [2026-02-27T00:12:09.321+0000] {dagbag.py:538} INFO - Filling up the DagBag from /opt/airflow/dags/data_pipeline.py
[2026-02-27T00:12:09.350+0000] {processor.py:840} INFO - DAG(s) 'data_pipeline' retrieved from /opt/airflow/dags/data_pipeline.py
[2026-02-27T00:12:09.370+0000] {logging_mixin.py:188} INFO - [2026-02-27T00:12:09.370+0000] {dag.py:3036} INFO - Sync 1 DAGs
[2026-02-27T00:12:09.387+0000] {logging_mixin.py:188} INFO - [2026-02-27T00:12:09.387+0000] {dag.py:3823} INFO - Setting next_dagrun for data_pipeline to 2026-02-27 00:00:00+00:00, run_after=2026-02-27 01:00:00+00:00
[2026-02-27T00:12:09.412+0000] {processor.py:183} INFO - Processing /opt/airflow/dags/data_pipeline.py took 0.097 seconds
[2026-02-27T00:12:39.619+0000] {processor.py:161} INFO - Started process (PID=534) to work on /opt/airflow/dags/data_pipeline.py
[2026-02-27T00:12:39.620+0000] {processor.py:830} INFO - Processing file /opt/airflow/dags/data_pipeline.py for tasks to queue
[2026-02-27T00:12:39.621+0000] {logging_mixin.py:188} INFO - [2026-02-27T00:12:39.621+0000] {dagbag.py:538} INFO - Filling up the DagBag from /opt/airflow/dags/data_pipeline.py
[2026-02-27T00:12:39.640+0000] {processor.py:840} INFO - DAG(s) 'data_pipeline' retrieved from /opt/airflow/dags/data_pipeline.py
[2026-02-27T00:12:39.657+0000] {logging_mixin.py:188} INFO - [2026-02-27T00:12:39.657+0000] {dag.py:3036} INFO - Sync 1 DAGs
[2026-02-27T00:12:39.674+0000] {logging_mixin.py:188} INFO - [2026-02-27T00:12:39.674+0000] {dag.py:3823} INFO - Setting next_dagrun for data_pipeline to 2026-02-27 00:00:00+00:00, run_after=2026-02-27 01:00:00+00:00
[2026-02-27T00:12:39.698+0000] {processor.py:183} INFO - Processing /opt/airflow/dags/data_pipeline.py took 0.082 seconds
[2026-02-27T00:13:09.879+0000] {processor.py:161} INFO - Started process (PID=535) to work on /opt/airflow/dags/data_pipeline.py
[2026-02-27T00:13:09.881+0000] {processor.py:830} INFO - Processing file /opt/airflow/dags/data_pipeline.py for tasks to queue
[2026-02-27T00:13:09.882+0000] {logging_mixin.py:188} INFO - [2026-02-27T00:13:09.882+0000] {dagbag.py:538} INFO - Filling up the DagBag from /opt/airflow/dags/data_pipeline.py
[2026-02-27T00:13:09.904+0000] {processor.py:840} INFO - DAG(s) 'data_pipeline' retrieved from /opt/airflow/dags/data_pipeline.py
[2026-02-27T00:13:09.926+0000] {logging_mixin.py:188} INFO - [2026-02-27T00:13:09.925+0000] {dag.py:3036} INFO - Sync 1 DAGs
[2026-02-27T00:13:09.944+0000] {logging_mixin.py:188} INFO - [2026-02-27T00:13:09.943+0000] {dag.py:3823} INFO - Setting next_dagrun for data_pipeline to 2026-02-27 00:00:00+00:00, run_after=2026-02-27 01:00:00+00:00
[2026-02-27T00:13:09.969+0000] {processor.py:183} INFO - Processing /opt/airflow/dags/data_pipeline.py took 0.092 seconds
[2026-02-27T00:13:40.166+0000] {processor.py:161} INFO - Started process (PID=536) to work on /opt/airflow/dags/data_pipeline.py
[2026-02-27T00:13:40.167+0000] {processor.py:830} INFO - Processing file /opt/airflow/dags/data_pipeline.py for tasks to queue
[2026-02-27T00:13:40.167+0000] {logging_mixin.py:188} INFO - [2026-02-27T00:13:40.167+0000] {dagbag.py:538} INFO - Filling up the DagBag from /opt/airflow/dags/data_pipeline.py
[2026-02-27T00:13:40.186+0000] {processor.py:840} INFO - DAG(s) 'data_pipeline' retrieved from /opt/airflow/dags/data_pipeline.py
[2026-02-27T00:13:40.203+0000] {logging_mixin.py:188} INFO - [2026-02-27T00:13:40.203+0000] {dag.py:3036} INFO - Sync 1 DAGs
[2026-02-27T00:13:40.221+0000] {logging_mixin.py:188} INFO - [2026-02-27T00:13:40.221+0000] {dag.py:3823} INFO - Setting next_dagrun for data_pipeline to 2026-02-27 00:00:00+00:00, run_after=2026-02-27 01:00:00+00:00
[2026-02-27T00:13:40.242+0000] {processor.py:183} INFO - Processing /opt/airflow/dags/data_pipeline.py took 0.079 seconds
[2026-02-27T00:14:10.353+0000] {processor.py:161} INFO - Started process (PID=537) to work on /opt/airflow/dags/data_pipeline.py
[2026-02-27T00:14:10.356+0000] {processor.py:830} INFO - Processing file /opt/airflow/dags/data_pipeline.py for tasks to queue
[2026-02-27T00:14:10.357+0000] {logging_mixin.py:188} INFO - [2026-02-27T00:14:10.357+0000] {dagbag.py:538} INFO - Filling up the DagBag from /opt/airflow/dags/data_pipeline.py
[2026-02-27T00:14:10.377+0000] {processor.py:840} INFO - DAG(s) 'data_pipeline' retrieved from /opt/airflow/dags/data_pipeline.py
[2026-02-27T00:14:10.398+0000] {logging_mixin.py:188} INFO - [2026-02-27T00:14:10.398+0000] {dag.py:3036} INFO - Sync 1 DAGs
[2026-02-27T00:14:10.417+0000] {logging_mixin.py:188} INFO - [2026-02-27T00:14:10.417+0000] {dag.py:3823} INFO - Setting next_dagrun for data_pipeline to 2026-02-27 00:00:00+00:00, run_after=2026-02-27 01:00:00+00:00
[2026-02-27T00:14:10.442+0000] {processor.py:183} INFO - Processing /opt/airflow/dags/data_pipeline.py took 0.092 seconds
[2026-02-27T00:14:40.643+0000] {processor.py:161} INFO - Started process (PID=538) to work on /opt/airflow/dags/data_pipeline.py
[2026-02-27T00:14:40.646+0000] {processor.py:830} INFO - Processing file /opt/airflow/dags/data_pipeline.py for tasks to queue
[2026-02-27T00:14:40.646+0000] {logging_mixin.py:188} INFO - [2026-02-27T00:14:40.646+0000] {dagbag.py:538} INFO - Filling up the DagBag from /opt/airflow/dags/data_pipeline.py
[2026-02-27T00:14:40.663+0000] {processor.py:840} INFO - DAG(s) 'data_pipeline' retrieved from /opt/airflow/dags/data_pipeline.py
[2026-02-27T00:14:40.682+0000] {logging_mixin.py:188} INFO - [2026-02-27T00:14:40.682+0000] {dag.py:3036} INFO - Sync 1 DAGs
[2026-02-27T00:14:40.702+0000] {logging_mixin.py:188} INFO - [2026-02-27T00:14:40.701+0000] {dag.py:3823} INFO - Setting next_dagrun for data_pipeline to 2026-02-27 00:00:00+00:00, run_after=2026-02-27 01:00:00+00:00
[2026-02-27T00:14:40.729+0000] {processor.py:183} INFO - Processing /opt/airflow/dags/data_pipeline.py took 0.088 seconds
[2026-02-27T00:15:10.922+0000] {processor.py:161} INFO - Started process (PID=539) to work on /opt/airflow/dags/data_pipeline.py
[2026-02-27T00:15:10.923+0000] {processor.py:830} INFO - Processing file /opt/airflow/dags/data_pipeline.py for tasks to queue
[2026-02-27T00:15:10.926+0000] {logging_mixin.py:188} INFO - [2026-02-27T00:15:10.926+0000] {dagbag.py:538} INFO - Filling up the DagBag from /opt/airflow/dags/data_pipeline.py
[2026-02-27T00:15:10.946+0000] {processor.py:840} INFO - DAG(s) 'data_pipeline' retrieved from /opt/airflow/dags/data_pipeline.py
[2026-02-27T00:15:10.966+0000] {logging_mixin.py:188} INFO - [2026-02-27T00:15:10.966+0000] {dag.py:3036} INFO - Sync 1 DAGs
[2026-02-27T00:15:10.983+0000] {logging_mixin.py:188} INFO - [2026-02-27T00:15:10.982+0000] {dag.py:3823} INFO - Setting next_dagrun for data_pipeline to 2026-02-27 00:00:00+00:00, run_after=2026-02-27 01:00:00+00:00
[2026-02-27T00:15:11.003+0000] {processor.py:183} INFO - Processing /opt/airflow/dags/data_pipeline.py took 0.083 seconds
[2026-02-27T00:15:41.204+0000] {processor.py:161} INFO - Started process (PID=540) to work on /opt/airflow/dags/data_pipeline.py
[2026-02-27T00:15:41.206+0000] {processor.py:830} INFO - Processing file /opt/airflow/dags/data_pipeline.py for tasks to queue
[2026-02-27T00:15:41.207+0000] {logging_mixin.py:188} INFO - [2026-02-27T00:15:41.207+0000] {dagbag.py:538} INFO - Filling up the DagBag from /opt/airflow/dags/data_pipeline.py
[2026-02-27T00:15:41.223+0000] {processor.py:840} INFO - DAG(s) 'data_pipeline' retrieved from /opt/airflow/dags/data_pipeline.py
[2026-02-27T00:15:41.241+0000] {logging_mixin.py:188} INFO - [2026-02-27T00:15:41.241+0000] {dag.py:3036} INFO - Sync 1 DAGs
[2026-02-27T00:15:41.258+0000] {logging_mixin.py:188} INFO - [2026-02-27T00:15:41.258+0000] {dag.py:3823} INFO - Setting next_dagrun for data_pipeline to 2026-02-27 00:00:00+00:00, run_after=2026-02-27 01:00:00+00:00
[2026-02-27T00:15:41.281+0000] {processor.py:183} INFO - Processing /opt/airflow/dags/data_pipeline.py took 0.080 seconds
[2026-02-27T00:16:11.389+0000] {processor.py:161} INFO - Started process (PID=541) to work on /opt/airflow/dags/data_pipeline.py
[2026-02-27T00:16:11.389+0000] {processor.py:830} INFO - Processing file /opt/airflow/dags/data_pipeline.py for tasks to queue
[2026-02-27T00:16:11.391+0000] {logging_mixin.py:188} INFO - [2026-02-27T00:16:11.390+0000] {dagbag.py:538} INFO - Filling up the DagBag from /opt/airflow/dags/data_pipeline.py
[2026-02-27T00:16:11.411+0000] {processor.py:840} INFO - DAG(s) 'data_pipeline' retrieved from /opt/airflow/dags/data_pipeline.py
[2026-02-27T00:16:11.429+0000] {logging_mixin.py:188} INFO - [2026-02-27T00:16:11.429+0000] {dag.py:3036} INFO - Sync 1 DAGs
[2026-02-27T00:16:11.444+0000] {logging_mixin.py:188} INFO - [2026-02-27T00:16:11.444+0000] {dag.py:3823} INFO - Setting next_dagrun for data_pipeline to 2026-02-27 00:00:00+00:00, run_after=2026-02-27 01:00:00+00:00
[2026-02-27T00:16:11.469+0000] {processor.py:183} INFO - Processing /opt/airflow/dags/data_pipeline.py took 0.084 seconds
[2026-02-27T00:16:41.577+0000] {processor.py:161} INFO - Started process (PID=542) to work on /opt/airflow/dags/data_pipeline.py
[2026-02-27T00:16:41.578+0000] {processor.py:830} INFO - Processing file /opt/airflow/dags/data_pipeline.py for tasks to queue
[2026-02-27T00:16:41.579+0000] {logging_mixin.py:188} INFO - [2026-02-27T00:16:41.579+0000] {dagbag.py:538} INFO - Filling up the DagBag from /opt/airflow/dags/data_pipeline.py
[2026-02-27T00:16:41.600+0000] {processor.py:840} INFO - DAG(s) 'data_pipeline' retrieved from /opt/airflow/dags/data_pipeline.py
[2026-02-27T00:16:41.619+0000] {logging_mixin.py:188} INFO - [2026-02-27T00:16:41.619+0000] {dag.py:3036} INFO - Sync 1 DAGs
[2026-02-27T00:16:41.636+0000] {logging_mixin.py:188} INFO - [2026-02-27T00:16:41.636+0000] {dag.py:3823} INFO - Setting next_dagrun for data_pipeline to 2026-02-27 00:00:00+00:00, run_after=2026-02-27 01:00:00+00:00
[2026-02-27T00:16:41.666+0000] {processor.py:183} INFO - Processing /opt/airflow/dags/data_pipeline.py took 0.094 seconds
[2026-02-27T00:17:12.206+0000] {processor.py:161} INFO - Started process (PID=543) to work on /opt/airflow/dags/data_pipeline.py
[2026-02-27T00:17:12.242+0000] {processor.py:830} INFO - Processing file /opt/airflow/dags/data_pipeline.py for tasks to queue
[2026-02-27T00:17:12.266+0000] {logging_mixin.py:188} INFO - [2026-02-27T00:17:12.258+0000] {dagbag.py:538} INFO - Filling up the DagBag from /opt/airflow/dags/data_pipeline.py
[2026-02-27T00:17:12.536+0000] {processor.py:840} INFO - DAG(s) 'data_pipeline' retrieved from /opt/airflow/dags/data_pipeline.py
[2026-02-27T00:17:12.830+0000] {logging_mixin.py:188} INFO - [2026-02-27T00:17:12.830+0000] {dag.py:3036} INFO - Sync 1 DAGs
[2026-02-27T00:17:13.000+0000] {logging_mixin.py:188} INFO - [2026-02-27T00:17:12.999+0000] {dag.py:3823} INFO - Setting next_dagrun for data_pipeline to 2026-02-27 00:00:00+00:00, run_after=2026-02-27 01:00:00+00:00
[2026-02-27T00:17:13.088+0000] {processor.py:183} INFO - Processing /opt/airflow/dags/data_pipeline.py took 1.040 seconds
[2026-02-27T00:17:43.310+0000] {processor.py:161} INFO - Started process (PID=544) to work on /opt/airflow/dags/data_pipeline.py
[2026-02-27T00:17:43.311+0000] {processor.py:830} INFO - Processing file /opt/airflow/dags/data_pipeline.py for tasks to queue
[2026-02-27T00:17:43.312+0000] {logging_mixin.py:188} INFO - [2026-02-27T00:17:43.312+0000] {dagbag.py:538} INFO - Filling up the DagBag from /opt/airflow/dags/data_pipeline.py
[2026-02-27T00:17:43.331+0000] {processor.py:840} INFO - DAG(s) 'data_pipeline' retrieved from /opt/airflow/dags/data_pipeline.py
[2026-02-27T00:17:43.398+0000] {logging_mixin.py:188} INFO - [2026-02-27T00:17:43.398+0000] {dag.py:3036} INFO - Sync 1 DAGs
[2026-02-27T00:17:43.571+0000] {logging_mixin.py:188} INFO - [2026-02-27T00:17:43.570+0000] {dag.py:3823} INFO - Setting next_dagrun for data_pipeline to 2026-02-27 00:00:00+00:00, run_after=2026-02-27 01:00:00+00:00
[2026-02-27T00:17:43.617+0000] {processor.py:183} INFO - Processing /opt/airflow/dags/data_pipeline.py took 0.310 seconds
[2026-02-27T00:18:13.822+0000] {processor.py:161} INFO - Started process (PID=545) to work on /opt/airflow/dags/data_pipeline.py
[2026-02-27T00:18:13.824+0000] {processor.py:830} INFO - Processing file /opt/airflow/dags/data_pipeline.py for tasks to queue
[2026-02-27T00:18:13.825+0000] {logging_mixin.py:188} INFO - [2026-02-27T00:18:13.825+0000] {dagbag.py:538} INFO - Filling up the DagBag from /opt/airflow/dags/data_pipeline.py
[2026-02-27T00:18:13.850+0000] {processor.py:840} INFO - DAG(s) 'data_pipeline' retrieved from /opt/airflow/dags/data_pipeline.py
[2026-02-27T00:18:13.879+0000] {logging_mixin.py:188} INFO - [2026-02-27T00:18:13.878+0000] {dag.py:3036} INFO - Sync 1 DAGs
[2026-02-27T00:18:13.949+0000] {logging_mixin.py:188} INFO - [2026-02-27T00:18:13.949+0000] {dag.py:3823} INFO - Setting next_dagrun for data_pipeline to 2026-02-27 00:00:00+00:00, run_after=2026-02-27 01:00:00+00:00
[2026-02-27T00:18:13.994+0000] {processor.py:183} INFO - Processing /opt/airflow/dags/data_pipeline.py took 0.175 seconds
[2026-02-27T00:18:44.162+0000] {processor.py:161} INFO - Started process (PID=546) to work on /opt/airflow/dags/data_pipeline.py
[2026-02-27T00:18:44.165+0000] {processor.py:830} INFO - Processing file /opt/airflow/dags/data_pipeline.py for tasks to queue
[2026-02-27T00:18:44.167+0000] {logging_mixin.py:188} INFO - [2026-02-27T00:18:44.166+0000] {dagbag.py:538} INFO - Filling up the DagBag from /opt/airflow/dags/data_pipeline.py
[2026-02-27T00:18:44.188+0000] {processor.py:840} INFO - DAG(s) 'data_pipeline' retrieved from /opt/airflow/dags/data_pipeline.py
[2026-02-27T00:18:44.209+0000] {logging_mixin.py:188} INFO - [2026-02-27T00:18:44.209+0000] {dag.py:3036} INFO - Sync 1 DAGs
[2026-02-27T00:18:44.267+0000] {logging_mixin.py:188} INFO - [2026-02-27T00:18:44.266+0000] {dag.py:3823} INFO - Setting next_dagrun for data_pipeline to 2026-02-27 00:00:00+00:00, run_after=2026-02-27 01:00:00+00:00
[2026-02-27T00:18:44.340+0000] {processor.py:183} INFO - Processing /opt/airflow/dags/data_pipeline.py took 0.180 seconds
[2026-02-27T00:19:14.556+0000] {processor.py:161} INFO - Started process (PID=547) to work on /opt/airflow/dags/data_pipeline.py
[2026-02-27T00:19:14.558+0000] {processor.py:830} INFO - Processing file /opt/airflow/dags/data_pipeline.py for tasks to queue
[2026-02-27T00:19:14.559+0000] {logging_mixin.py:188} INFO - [2026-02-27T00:19:14.558+0000] {dagbag.py:538} INFO - Filling up the DagBag from /opt/airflow/dags/data_pipeline.py
[2026-02-27T00:19:14.653+0000] {processor.py:840} INFO - DAG(s) 'data_pipeline' retrieved from /opt/airflow/dags/data_pipeline.py
[2026-02-27T00:19:14.750+0000] {logging_mixin.py:188} INFO - [2026-02-27T00:19:14.750+0000] {dag.py:3036} INFO - Sync 1 DAGs
[2026-02-27T00:19:14.869+0000] {logging_mixin.py:188} INFO - [2026-02-27T00:19:14.869+0000] {dag.py:3823} INFO - Setting next_dagrun for data_pipeline to 2026-02-27 00:00:00+00:00, run_after=2026-02-27 01:00:00+00:00
[2026-02-27T00:19:14.928+0000] {processor.py:183} INFO - Processing /opt/airflow/dags/data_pipeline.py took 0.376 seconds
[2026-02-27T00:19:45.060+0000] {processor.py:161} INFO - Started process (PID=548) to work on /opt/airflow/dags/data_pipeline.py
[2026-02-27T00:19:45.061+0000] {processor.py:830} INFO - Processing file /opt/airflow/dags/data_pipeline.py for tasks to queue
[2026-02-27T00:19:45.062+0000] {logging_mixin.py:188} INFO - [2026-02-27T00:19:45.062+0000] {dagbag.py:538} INFO - Filling up the DagBag from /opt/airflow/dags/data_pipeline.py
[2026-02-27T00:19:45.097+0000] {processor.py:840} INFO - DAG(s) 'data_pipeline' retrieved from /opt/airflow/dags/data_pipeline.py
[2026-02-27T00:19:45.128+0000] {logging_mixin.py:188} INFO - [2026-02-27T00:19:45.128+0000] {dag.py:3036} INFO - Sync 1 DAGs
[2026-02-27T00:19:45.166+0000] {logging_mixin.py:188} INFO - [2026-02-27T00:19:45.166+0000] {dag.py:3823} INFO - Setting next_dagrun for data_pipeline to 2026-02-27 00:00:00+00:00, run_after=2026-02-27 01:00:00+00:00
[2026-02-27T00:19:45.198+0000] {processor.py:183} INFO - Processing /opt/airflow/dags/data_pipeline.py took 0.141 seconds
[2026-02-27T00:20:15.353+0000] {processor.py:161} INFO - Started process (PID=549) to work on /opt/airflow/dags/data_pipeline.py
[2026-02-27T00:20:15.355+0000] {processor.py:830} INFO - Processing file /opt/airflow/dags/data_pipeline.py for tasks to queue
[2026-02-27T00:20:15.358+0000] {logging_mixin.py:188} INFO - [2026-02-27T00:20:15.356+0000] {dagbag.py:538} INFO - Filling up the DagBag from /opt/airflow/dags/data_pipeline.py
[2026-02-27T00:20:15.383+0000] {processor.py:840} INFO - DAG(s) 'data_pipeline' retrieved from /opt/airflow/dags/data_pipeline.py
[2026-02-27T00:20:15.402+0000] {logging_mixin.py:188} INFO - [2026-02-27T00:20:15.402+0000] {dag.py:3036} INFO - Sync 1 DAGs
[2026-02-27T00:20:15.465+0000] {logging_mixin.py:188} INFO - [2026-02-27T00:20:15.465+0000] {dag.py:3823} INFO - Setting next_dagrun for data_pipeline to 2026-02-27 00:00:00+00:00, run_after=2026-02-27 01:00:00+00:00
[2026-02-27T00:20:15.516+0000] {processor.py:183} INFO - Processing /opt/airflow/dags/data_pipeline.py took 0.173 seconds
[2026-02-27T00:20:45.666+0000] {processor.py:161} INFO - Started process (PID=550) to work on /opt/airflow/dags/data_pipeline.py
[2026-02-27T00:20:45.667+0000] {processor.py:830} INFO - Processing file /opt/airflow/dags/data_pipeline.py for tasks to queue
[2026-02-27T00:20:45.669+0000] {logging_mixin.py:188} INFO - [2026-02-27T00:20:45.668+0000] {dagbag.py:538} INFO - Filling up the DagBag from /opt/airflow/dags/data_pipeline.py
[2026-02-27T00:20:45.691+0000] {processor.py:840} INFO - DAG(s) 'data_pipeline' retrieved from /opt/airflow/dags/data_pipeline.py
[2026-02-27T00:20:45.714+0000] {logging_mixin.py:188} INFO - [2026-02-27T00:20:45.714+0000] {dag.py:3036} INFO - Sync 1 DAGs
[2026-02-27T00:20:45.786+0000] {logging_mixin.py:188} INFO - [2026-02-27T00:20:45.786+0000] {dag.py:3823} INFO - Setting next_dagrun for data_pipeline to 2026-02-27 00:00:00+00:00, run_after=2026-02-27 01:00:00+00:00
[2026-02-27T00:20:45.830+0000] {processor.py:183} INFO - Processing /opt/airflow/dags/data_pipeline.py took 0.166 seconds
[2026-02-27T00:21:15.989+0000] {processor.py:161} INFO - Started process (PID=551) to work on /opt/airflow/dags/data_pipeline.py
[2026-02-27T00:21:15.992+0000] {processor.py:830} INFO - Processing file /opt/airflow/dags/data_pipeline.py for tasks to queue
[2026-02-27T00:21:15.993+0000] {logging_mixin.py:188} INFO - [2026-02-27T00:21:15.993+0000] {dagbag.py:538} INFO - Filling up the DagBag from /opt/airflow/dags/data_pipeline.py
[2026-02-27T00:21:16.027+0000] {processor.py:840} INFO - DAG(s) 'data_pipeline' retrieved from /opt/airflow/dags/data_pipeline.py
[2026-02-27T00:21:16.068+0000] {logging_mixin.py:188} INFO - [2026-02-27T00:21:16.067+0000] {dag.py:3036} INFO - Sync 1 DAGs
[2026-02-27T00:21:16.126+0000] {logging_mixin.py:188} INFO - [2026-02-27T00:21:16.125+0000] {dag.py:3823} INFO - Setting next_dagrun for data_pipeline to 2026-02-27 00:00:00+00:00, run_after=2026-02-27 01:00:00+00:00
[2026-02-27T00:21:16.156+0000] {processor.py:183} INFO - Processing /opt/airflow/dags/data_pipeline.py took 0.171 seconds
[2026-02-27T00:21:46.297+0000] {processor.py:161} INFO - Started process (PID=552) to work on /opt/airflow/dags/data_pipeline.py
[2026-02-27T00:21:46.298+0000] {processor.py:830} INFO - Processing file /opt/airflow/dags/data_pipeline.py for tasks to queue
[2026-02-27T00:21:46.299+0000] {logging_mixin.py:188} INFO - [2026-02-27T00:21:46.299+0000] {dagbag.py:538} INFO - Filling up the DagBag from /opt/airflow/dags/data_pipeline.py
[2026-02-27T00:21:46.319+0000] {processor.py:840} INFO - DAG(s) 'data_pipeline' retrieved from /opt/airflow/dags/data_pipeline.py
[2026-02-27T00:21:46.343+0000] {logging_mixin.py:188} INFO - [2026-02-27T00:21:46.343+0000] {dag.py:3036} INFO - Sync 1 DAGs
[2026-02-27T00:21:46.370+0000] {logging_mixin.py:188} INFO - [2026-02-27T00:21:46.370+0000] {dag.py:3823} INFO - Setting next_dagrun for data_pipeline to 2026-02-27 00:00:00+00:00, run_after=2026-02-27 01:00:00+00:00
[2026-02-27T00:21:46.403+0000] {processor.py:183} INFO - Processing /opt/airflow/dags/data_pipeline.py took 0.109 seconds
[2026-02-27T00:22:16.587+0000] {processor.py:161} INFO - Started process (PID=553) to work on /opt/airflow/dags/data_pipeline.py
[2026-02-27T00:22:16.588+0000] {processor.py:830} INFO - Processing file /opt/airflow/dags/data_pipeline.py for tasks to queue
[2026-02-27T00:22:16.588+0000] {logging_mixin.py:188} INFO - [2026-02-27T00:22:16.588+0000] {dagbag.py:538} INFO - Filling up the DagBag from /opt/airflow/dags/data_pipeline.py
[2026-02-27T00:22:16.606+0000] {processor.py:840} INFO - DAG(s) 'data_pipeline' retrieved from /opt/airflow/dags/data_pipeline.py
[2026-02-27T00:22:16.622+0000] {logging_mixin.py:188} INFO - [2026-02-27T00:22:16.622+0000] {dag.py:3036} INFO - Sync 1 DAGs
[2026-02-27T00:22:16.690+0000] {logging_mixin.py:188} INFO - [2026-02-27T00:22:16.690+0000] {dag.py:3823} INFO - Setting next_dagrun for data_pipeline to 2026-02-27 00:00:00+00:00, run_after=2026-02-27 01:00:00+00:00
[2026-02-27T00:22:16.738+0000] {processor.py:183} INFO - Processing /opt/airflow/dags/data_pipeline.py took 0.155 seconds
[2026-02-27T00:22:46.892+0000] {processor.py:161} INFO - Started process (PID=554) to work on /opt/airflow/dags/data_pipeline.py
[2026-02-27T00:22:46.893+0000] {processor.py:830} INFO - Processing file /opt/airflow/dags/data_pipeline.py for tasks to queue
[2026-02-27T00:22:46.894+0000] {logging_mixin.py:188} INFO - [2026-02-27T00:22:46.894+0000] {dagbag.py:538} INFO - Filling up the DagBag from /opt/airflow/dags/data_pipeline.py
[2026-02-27T00:22:46.913+0000] {processor.py:840} INFO - DAG(s) 'data_pipeline' retrieved from /opt/airflow/dags/data_pipeline.py
[2026-02-27T00:22:46.952+0000] {logging_mixin.py:188} INFO - [2026-02-27T00:22:46.952+0000] {dag.py:3036} INFO - Sync 1 DAGs
[2026-02-27T00:22:46.973+0000] {logging_mixin.py:188} INFO - [2026-02-27T00:22:46.973+0000] {dag.py:3823} INFO - Setting next_dagrun for data_pipeline to 2026-02-27 00:00:00+00:00, run_after=2026-02-27 01:00:00+00:00
[2026-02-27T00:22:46.997+0000] {processor.py:183} INFO - Processing /opt/airflow/dags/data_pipeline.py took 0.107 seconds
[2026-02-27T00:23:17.213+0000] {processor.py:161} INFO - Started process (PID=555) to work on /opt/airflow/dags/data_pipeline.py
[2026-02-27T00:23:17.215+0000] {processor.py:830} INFO - Processing file /opt/airflow/dags/data_pipeline.py for tasks to queue
[2026-02-27T00:23:17.215+0000] {logging_mixin.py:188} INFO - [2026-02-27T00:23:17.215+0000] {dagbag.py:538} INFO - Filling up the DagBag from /opt/airflow/dags/data_pipeline.py
[2026-02-27T00:23:17.244+0000] {processor.py:840} INFO - DAG(s) 'data_pipeline' retrieved from /opt/airflow/dags/data_pipeline.py
[2026-02-27T00:23:17.275+0000] {logging_mixin.py:188} INFO - [2026-02-27T00:23:17.275+0000] {dag.py:3036} INFO - Sync 1 DAGs
[2026-02-27T00:23:17.296+0000] {logging_mixin.py:188} INFO - [2026-02-27T00:23:17.295+0000] {dag.py:3823} INFO - Setting next_dagrun for data_pipeline to 2026-02-27 00:00:00+00:00, run_after=2026-02-27 01:00:00+00:00
[2026-02-27T00:23:17.322+0000] {processor.py:183} INFO - Processing /opt/airflow/dags/data_pipeline.py took 0.111 seconds
[2026-02-27T00:23:47.523+0000] {processor.py:161} INFO - Started process (PID=556) to work on /opt/airflow/dags/data_pipeline.py
[2026-02-27T00:23:47.524+0000] {processor.py:830} INFO - Processing file /opt/airflow/dags/data_pipeline.py for tasks to queue
[2026-02-27T00:23:47.525+0000] {logging_mixin.py:188} INFO - [2026-02-27T00:23:47.525+0000] {dagbag.py:538} INFO - Filling up the DagBag from /opt/airflow/dags/data_pipeline.py
[2026-02-27T00:23:47.544+0000] {processor.py:840} INFO - DAG(s) 'data_pipeline' retrieved from /opt/airflow/dags/data_pipeline.py
[2026-02-27T00:23:47.563+0000] {logging_mixin.py:188} INFO - [2026-02-27T00:23:47.563+0000] {dag.py:3036} INFO - Sync 1 DAGs
[2026-02-27T00:23:47.581+0000] {logging_mixin.py:188} INFO - [2026-02-27T00:23:47.581+0000] {dag.py:3823} INFO - Setting next_dagrun for data_pipeline to 2026-02-27 00:00:00+00:00, run_after=2026-02-27 01:00:00+00:00
[2026-02-27T00:23:47.603+0000] {processor.py:183} INFO - Processing /opt/airflow/dags/data_pipeline.py took 0.082 seconds
[2026-02-27T00:24:17.708+0000] {processor.py:161} INFO - Started process (PID=557) to work on /opt/airflow/dags/data_pipeline.py
[2026-02-27T00:24:17.709+0000] {processor.py:830} INFO - Processing file /opt/airflow/dags/data_pipeline.py for tasks to queue
[2026-02-27T00:24:17.711+0000] {logging_mixin.py:188} INFO - [2026-02-27T00:24:17.711+0000] {dagbag.py:538} INFO - Filling up the DagBag from /opt/airflow/dags/data_pipeline.py
[2026-02-27T00:24:17.733+0000] {processor.py:840} INFO - DAG(s) 'data_pipeline' retrieved from /opt/airflow/dags/data_pipeline.py
[2026-02-27T00:24:17.758+0000] {logging_mixin.py:188} INFO - [2026-02-27T00:24:17.758+0000] {dag.py:3036} INFO - Sync 1 DAGs
[2026-02-27T00:24:17.782+0000] {logging_mixin.py:188} INFO - [2026-02-27T00:24:17.781+0000] {dag.py:3823} INFO - Setting next_dagrun for data_pipeline to 2026-02-27 00:00:00+00:00, run_after=2026-02-27 01:00:00+00:00
[2026-02-27T00:24:17.805+0000] {processor.py:183} INFO - Processing /opt/airflow/dags/data_pipeline.py took 0.099 seconds
[2026-02-27T00:24:47.995+0000] {processor.py:161} INFO - Started process (PID=558) to work on /opt/airflow/dags/data_pipeline.py
[2026-02-27T00:24:47.996+0000] {processor.py:830} INFO - Processing file /opt/airflow/dags/data_pipeline.py for tasks to queue
[2026-02-27T00:24:47.997+0000] {logging_mixin.py:188} INFO - [2026-02-27T00:24:47.997+0000] {dagbag.py:538} INFO - Filling up the DagBag from /opt/airflow/dags/data_pipeline.py
[2026-02-27T00:24:48.020+0000] {processor.py:840} INFO - DAG(s) 'data_pipeline' retrieved from /opt/airflow/dags/data_pipeline.py
[2026-02-27T00:24:48.043+0000] {logging_mixin.py:188} INFO - [2026-02-27T00:24:48.043+0000] {dag.py:3036} INFO - Sync 1 DAGs
[2026-02-27T00:24:48.063+0000] {logging_mixin.py:188} INFO - [2026-02-27T00:24:48.063+0000] {dag.py:3823} INFO - Setting next_dagrun for data_pipeline to 2026-02-27 00:00:00+00:00, run_after=2026-02-27 01:00:00+00:00
[2026-02-27T00:24:48.084+0000] {processor.py:183} INFO - Processing /opt/airflow/dags/data_pipeline.py took 0.092 seconds
[2026-02-27T00:25:18.278+0000] {processor.py:161} INFO - Started process (PID=559) to work on /opt/airflow/dags/data_pipeline.py
[2026-02-27T00:25:18.279+0000] {processor.py:830} INFO - Processing file /opt/airflow/dags/data_pipeline.py for tasks to queue
[2026-02-27T00:25:18.280+0000] {logging_mixin.py:188} INFO - [2026-02-27T00:25:18.280+0000] {dagbag.py:538} INFO - Filling up the DagBag from /opt/airflow/dags/data_pipeline.py
[2026-02-27T00:25:18.296+0000] {processor.py:840} INFO - DAG(s) 'data_pipeline' retrieved from /opt/airflow/dags/data_pipeline.py
[2026-02-27T00:25:18.317+0000] {logging_mixin.py:188} INFO - [2026-02-27T00:25:18.316+0000] {dag.py:3036} INFO - Sync 1 DAGs
[2026-02-27T00:25:18.334+0000] {logging_mixin.py:188} INFO - [2026-02-27T00:25:18.334+0000] {dag.py:3823} INFO - Setting next_dagrun for data_pipeline to 2026-02-27 00:00:00+00:00, run_after=2026-02-27 01:00:00+00:00
[2026-02-27T00:25:18.360+0000] {processor.py:183} INFO - Processing /opt/airflow/dags/data_pipeline.py took 0.084 seconds
[2026-02-27T00:25:48.476+0000] {processor.py:161} INFO - Started process (PID=560) to work on /opt/airflow/dags/data_pipeline.py
[2026-02-27T00:25:48.477+0000] {processor.py:830} INFO - Processing file /opt/airflow/dags/data_pipeline.py for tasks to queue
[2026-02-27T00:25:48.478+0000] {logging_mixin.py:188} INFO - [2026-02-27T00:25:48.477+0000] {dagbag.py:538} INFO - Filling up the DagBag from /opt/airflow/dags/data_pipeline.py
[2026-02-27T00:25:48.492+0000] {processor.py:840} INFO - DAG(s) 'data_pipeline' retrieved from /opt/airflow/dags/data_pipeline.py
[2026-02-27T00:25:48.511+0000] {logging_mixin.py:188} INFO - [2026-02-27T00:25:48.511+0000] {dag.py:3036} INFO - Sync 1 DAGs
[2026-02-27T00:25:48.529+0000] {logging_mixin.py:188} INFO - [2026-02-27T00:25:48.529+0000] {dag.py:3823} INFO - Setting next_dagrun for data_pipeline to 2026-02-27 00:00:00+00:00, run_after=2026-02-27 01:00:00+00:00
[2026-02-27T00:25:48.552+0000] {processor.py:183} INFO - Processing /opt/airflow/dags/data_pipeline.py took 0.080 seconds
[2026-02-27T00:26:18.691+0000] {processor.py:161} INFO - Started process (PID=561) to work on /opt/airflow/dags/data_pipeline.py
[2026-02-27T00:26:18.692+0000] {processor.py:830} INFO - Processing file /opt/airflow/dags/data_pipeline.py for tasks to queue
[2026-02-27T00:26:18.693+0000] {logging_mixin.py:188} INFO - [2026-02-27T00:26:18.693+0000] {dagbag.py:538} INFO - Filling up the DagBag from /opt/airflow/dags/data_pipeline.py
[2026-02-27T00:26:18.712+0000] {processor.py:840} INFO - DAG(s) 'data_pipeline' retrieved from /opt/airflow/dags/data_pipeline.py
[2026-02-27T00:26:18.730+0000] {logging_mixin.py:188} INFO - [2026-02-27T00:26:18.730+0000] {dag.py:3036} INFO - Sync 1 DAGs
[2026-02-27T00:26:18.749+0000] {logging_mixin.py:188} INFO - [2026-02-27T00:26:18.748+0000] {dag.py:3823} INFO - Setting next_dagrun for data_pipeline to 2026-02-27 00:00:00+00:00, run_after=2026-02-27 01:00:00+00:00
[2026-02-27T00:26:18.780+0000] {processor.py:183} INFO - Processing /opt/airflow/dags/data_pipeline.py took 0.091 seconds
[2026-02-27T00:26:48.982+0000] {processor.py:161} INFO - Started process (PID=562) to work on /opt/airflow/dags/data_pipeline.py
[2026-02-27T00:26:48.983+0000] {processor.py:830} INFO - Processing file /opt/airflow/dags/data_pipeline.py for tasks to queue
[2026-02-27T00:26:48.984+0000] {logging_mixin.py:188} INFO - [2026-02-27T00:26:48.984+0000] {dagbag.py:538} INFO - Filling up the DagBag from /opt/airflow/dags/data_pipeline.py
[2026-02-27T00:26:49.002+0000] {processor.py:840} INFO - DAG(s) 'data_pipeline' retrieved from /opt/airflow/dags/data_pipeline.py
[2026-02-27T00:26:49.023+0000] {logging_mixin.py:188} INFO - [2026-02-27T00:26:49.023+0000] {dag.py:3036} INFO - Sync 1 DAGs
[2026-02-27T00:26:49.043+0000] {logging_mixin.py:188} INFO - [2026-02-27T00:26:49.043+0000] {dag.py:3823} INFO - Setting next_dagrun for data_pipeline to 2026-02-27 00:00:00+00:00, run_after=2026-02-27 01:00:00+00:00
[2026-02-27T00:26:49.083+0000] {processor.py:183} INFO - Processing /opt/airflow/dags/data_pipeline.py took 0.103 seconds
[2026-02-27T00:27:19.276+0000] {processor.py:161} INFO - Started process (PID=563) to work on /opt/airflow/dags/data_pipeline.py
[2026-02-27T00:27:19.277+0000] {processor.py:830} INFO - Processing file /opt/airflow/dags/data_pipeline.py for tasks to queue
[2026-02-27T00:27:19.278+0000] {logging_mixin.py:188} INFO - [2026-02-27T00:27:19.278+0000] {dagbag.py:538} INFO - Filling up the DagBag from /opt/airflow/dags/data_pipeline.py
[2026-02-27T00:27:19.296+0000] {processor.py:840} INFO - DAG(s) 'data_pipeline' retrieved from /opt/airflow/dags/data_pipeline.py
[2026-02-27T00:27:19.315+0000] {logging_mixin.py:188} INFO - [2026-02-27T00:27:19.315+0000] {dag.py:3036} INFO - Sync 1 DAGs
[2026-02-27T00:27:19.333+0000] {logging_mixin.py:188} INFO - [2026-02-27T00:27:19.333+0000] {dag.py:3823} INFO - Setting next_dagrun for data_pipeline to 2026-02-27 00:00:00+00:00, run_after=2026-02-27 01:00:00+00:00
[2026-02-27T00:27:19.356+0000] {processor.py:183} INFO - Processing /opt/airflow/dags/data_pipeline.py took 0.083 seconds
[2026-02-27T00:27:49.563+0000] {processor.py:161} INFO - Started process (PID=564) to work on /opt/airflow/dags/data_pipeline.py
[2026-02-27T00:27:49.564+0000] {processor.py:830} INFO - Processing file /opt/airflow/dags/data_pipeline.py for tasks to queue
[2026-02-27T00:27:49.565+0000] {logging_mixin.py:188} INFO - [2026-02-27T00:27:49.565+0000] {dagbag.py:538} INFO - Filling up the DagBag from /opt/airflow/dags/data_pipeline.py
[2026-02-27T00:27:49.586+0000] {processor.py:840} INFO - DAG(s) 'data_pipeline' retrieved from /opt/airflow/dags/data_pipeline.py
[2026-02-27T00:27:49.606+0000] {logging_mixin.py:188} INFO - [2026-02-27T00:27:49.606+0000] {dag.py:3036} INFO - Sync 1 DAGs
[2026-02-27T00:27:49.624+0000] {logging_mixin.py:188} INFO - [2026-02-27T00:27:49.624+0000] {dag.py:3823} INFO - Setting next_dagrun for data_pipeline to 2026-02-27 00:00:00+00:00, run_after=2026-02-27 01:00:00+00:00
[2026-02-27T00:27:49.647+0000] {processor.py:183} INFO - Processing /opt/airflow/dags/data_pipeline.py took 0.088 seconds
[2026-02-27T00:28:19.864+0000] {processor.py:161} INFO - Started process (PID=565) to work on /opt/airflow/dags/data_pipeline.py
[2026-02-27T00:28:19.865+0000] {processor.py:830} INFO - Processing file /opt/airflow/dags/data_pipeline.py for tasks to queue
[2026-02-27T00:28:19.866+0000] {logging_mixin.py:188} INFO - [2026-02-27T00:28:19.866+0000] {dagbag.py:538} INFO - Filling up the DagBag from /opt/airflow/dags/data_pipeline.py
[2026-02-27T00:28:19.891+0000] {processor.py:840} INFO - DAG(s) 'data_pipeline' retrieved from /opt/airflow/dags/data_pipeline.py
[2026-02-27T00:28:19.916+0000] {logging_mixin.py:188} INFO - [2026-02-27T00:28:19.916+0000] {dag.py:3036} INFO - Sync 1 DAGs
[2026-02-27T00:28:19.937+0000] {logging_mixin.py:188} INFO - [2026-02-27T00:28:19.937+0000] {dag.py:3823} INFO - Setting next_dagrun for data_pipeline to 2026-02-27 00:00:00+00:00, run_after=2026-02-27 01:00:00+00:00
[2026-02-27T00:28:19.965+0000] {processor.py:183} INFO - Processing /opt/airflow/dags/data_pipeline.py took 0.105 seconds
[2026-02-27T00:28:50.177+0000] {processor.py:161} INFO - Started process (PID=566) to work on /opt/airflow/dags/data_pipeline.py
[2026-02-27T00:28:50.179+0000] {processor.py:830} INFO - Processing file /opt/airflow/dags/data_pipeline.py for tasks to queue
[2026-02-27T00:28:50.180+0000] {logging_mixin.py:188} INFO - [2026-02-27T00:28:50.179+0000] {dagbag.py:538} INFO - Filling up the DagBag from /opt/airflow/dags/data_pipeline.py
[2026-02-27T00:28:50.204+0000] {processor.py:840} INFO - DAG(s) 'data_pipeline' retrieved from /opt/airflow/dags/data_pipeline.py
[2026-02-27T00:28:50.228+0000] {logging_mixin.py:188} INFO - [2026-02-27T00:28:50.227+0000] {dag.py:3036} INFO - Sync 1 DAGs
[2026-02-27T00:28:50.248+0000] {logging_mixin.py:188} INFO - [2026-02-27T00:28:50.248+0000] {dag.py:3823} INFO - Setting next_dagrun for data_pipeline to 2026-02-27 00:00:00+00:00, run_after=2026-02-27 01:00:00+00:00
[2026-02-27T00:28:50.273+0000] {processor.py:183} INFO - Processing /opt/airflow/dags/data_pipeline.py took 0.100 seconds
[2026-02-27T00:29:20.480+0000] {processor.py:161} INFO - Started process (PID=567) to work on /opt/airflow/dags/data_pipeline.py
[2026-02-27T00:29:20.481+0000] {processor.py:830} INFO - Processing file /opt/airflow/dags/data_pipeline.py for tasks to queue
[2026-02-27T00:29:20.481+0000] {logging_mixin.py:188} INFO - [2026-02-27T00:29:20.481+0000] {dagbag.py:538} INFO - Filling up the DagBag from /opt/airflow/dags/data_pipeline.py
[2026-02-27T00:29:20.502+0000] {processor.py:840} INFO - DAG(s) 'data_pipeline' retrieved from /opt/airflow/dags/data_pipeline.py
[2026-02-27T00:29:20.522+0000] {logging_mixin.py:188} INFO - [2026-02-27T00:29:20.521+0000] {dag.py:3036} INFO - Sync 1 DAGs
[2026-02-27T00:29:20.541+0000] {logging_mixin.py:188} INFO - [2026-02-27T00:29:20.541+0000] {dag.py:3823} INFO - Setting next_dagrun for data_pipeline to 2026-02-27 00:00:00+00:00, run_after=2026-02-27 01:00:00+00:00
[2026-02-27T00:29:20.563+0000] {processor.py:183} INFO - Processing /opt/airflow/dags/data_pipeline.py took 0.086 seconds
[2026-02-27T00:29:50.672+0000] {processor.py:161} INFO - Started process (PID=568) to work on /opt/airflow/dags/data_pipeline.py
[2026-02-27T00:29:50.673+0000] {processor.py:830} INFO - Processing file /opt/airflow/dags/data_pipeline.py for tasks to queue
[2026-02-27T00:29:50.674+0000] {logging_mixin.py:188} INFO - [2026-02-27T00:29:50.674+0000] {dagbag.py:538} INFO - Filling up the DagBag from /opt/airflow/dags/data_pipeline.py
[2026-02-27T00:29:50.695+0000] {processor.py:840} INFO - DAG(s) 'data_pipeline' retrieved from /opt/airflow/dags/data_pipeline.py
[2026-02-27T00:29:50.714+0000] {logging_mixin.py:188} INFO - [2026-02-27T00:29:50.714+0000] {dag.py:3036} INFO - Sync 1 DAGs
[2026-02-27T00:29:50.733+0000] {logging_mixin.py:188} INFO - [2026-02-27T00:29:50.733+0000] {dag.py:3823} INFO - Setting next_dagrun for data_pipeline to 2026-02-27 00:00:00+00:00, run_after=2026-02-27 01:00:00+00:00
[2026-02-27T00:29:50.758+0000] {processor.py:183} INFO - Processing /opt/airflow/dags/data_pipeline.py took 0.088 seconds
[2026-02-27T00:30:20.962+0000] {processor.py:161} INFO - Started process (PID=569) to work on /opt/airflow/dags/data_pipeline.py
[2026-02-27T00:30:20.963+0000] {processor.py:830} INFO - Processing file /opt/airflow/dags/data_pipeline.py for tasks to queue
[2026-02-27T00:30:20.964+0000] {logging_mixin.py:188} INFO - [2026-02-27T00:30:20.964+0000] {dagbag.py:538} INFO - Filling up the DagBag from /opt/airflow/dags/data_pipeline.py
[2026-02-27T00:30:20.983+0000] {processor.py:840} INFO - DAG(s) 'data_pipeline' retrieved from /opt/airflow/dags/data_pipeline.py
[2026-02-27T00:30:21.002+0000] {logging_mixin.py:188} INFO - [2026-02-27T00:30:21.001+0000] {dag.py:3036} INFO - Sync 1 DAGs
[2026-02-27T00:30:21.020+0000] {logging_mixin.py:188} INFO - [2026-02-27T00:30:21.020+0000] {dag.py:3823} INFO - Setting next_dagrun for data_pipeline to 2026-02-27 00:00:00+00:00, run_after=2026-02-27 01:00:00+00:00
[2026-02-27T00:30:21.045+0000] {processor.py:183} INFO - Processing /opt/airflow/dags/data_pipeline.py took 0.085 seconds
[2026-02-27T00:30:51.146+0000] {processor.py:161} INFO - Started process (PID=570) to work on /opt/airflow/dags/data_pipeline.py
[2026-02-27T00:30:51.149+0000] {processor.py:830} INFO - Processing file /opt/airflow/dags/data_pipeline.py for tasks to queue
[2026-02-27T00:30:51.150+0000] {logging_mixin.py:188} INFO - [2026-02-27T00:30:51.150+0000] {dagbag.py:538} INFO - Filling up the DagBag from /opt/airflow/dags/data_pipeline.py
[2026-02-27T00:30:51.179+0000] {processor.py:840} INFO - DAG(s) 'data_pipeline' retrieved from /opt/airflow/dags/data_pipeline.py
[2026-02-27T00:30:51.206+0000] {logging_mixin.py:188} INFO - [2026-02-27T00:30:51.206+0000] {dag.py:3036} INFO - Sync 1 DAGs
[2026-02-27T00:30:51.231+0000] {logging_mixin.py:188} INFO - [2026-02-27T00:30:51.231+0000] {dag.py:3823} INFO - Setting next_dagrun for data_pipeline to 2026-02-27 00:00:00+00:00, run_after=2026-02-27 01:00:00+00:00
[2026-02-27T00:30:51.260+0000] {processor.py:183} INFO - Processing /opt/airflow/dags/data_pipeline.py took 0.116 seconds
[2026-02-27T00:31:21.438+0000] {processor.py:161} INFO - Started process (PID=571) to work on /opt/airflow/dags/data_pipeline.py
[2026-02-27T00:31:21.441+0000] {processor.py:830} INFO - Processing file /opt/airflow/dags/data_pipeline.py for tasks to queue
[2026-02-27T00:31:21.442+0000] {logging_mixin.py:188} INFO - [2026-02-27T00:31:21.442+0000] {dagbag.py:538} INFO - Filling up the DagBag from /opt/airflow/dags/data_pipeline.py
[2026-02-27T00:31:21.463+0000] {processor.py:840} INFO - DAG(s) 'data_pipeline' retrieved from /opt/airflow/dags/data_pipeline.py
[2026-02-27T00:31:21.482+0000] {logging_mixin.py:188} INFO - [2026-02-27T00:31:21.482+0000] {dag.py:3036} INFO - Sync 1 DAGs
[2026-02-27T00:31:21.503+0000] {logging_mixin.py:188} INFO - [2026-02-27T00:31:21.502+0000] {dag.py:3823} INFO - Setting next_dagrun for data_pipeline to 2026-02-27 00:00:00+00:00, run_after=2026-02-27 01:00:00+00:00
[2026-02-27T00:31:21.533+0000] {processor.py:183} INFO - Processing /opt/airflow/dags/data_pipeline.py took 0.097 seconds
[2026-02-27T00:31:51.824+0000] {processor.py:161} INFO - Started process (PID=572) to work on /opt/airflow/dags/data_pipeline.py
[2026-02-27T00:31:51.834+0000] {processor.py:830} INFO - Processing file /opt/airflow/dags/data_pipeline.py for tasks to queue
[2026-02-27T00:31:51.838+0000] {logging_mixin.py:188} INFO - [2026-02-27T00:31:51.837+0000] {dagbag.py:538} INFO - Filling up the DagBag from /opt/airflow/dags/data_pipeline.py
[2026-02-27T00:31:52.165+0000] {processor.py:840} INFO - DAG(s) 'data_pipeline' retrieved from /opt/airflow/dags/data_pipeline.py
[2026-02-27T00:31:52.337+0000] {logging_mixin.py:188} INFO - [2026-02-27T00:31:52.336+0000] {dag.py:3036} INFO - Sync 1 DAGs
[2026-02-27T00:31:52.402+0000] {logging_mixin.py:188} INFO - [2026-02-27T00:31:52.401+0000] {dag.py:3823} INFO - Setting next_dagrun for data_pipeline to 2026-02-27 00:00:00+00:00, run_after=2026-02-27 01:00:00+00:00
[2026-02-27T00:31:52.448+0000] {processor.py:183} INFO - Processing /opt/airflow/dags/data_pipeline.py took 0.672 seconds
[2026-02-27T00:32:22.626+0000] {processor.py:161} INFO - Started process (PID=573) to work on /opt/airflow/dags/data_pipeline.py
[2026-02-27T00:32:22.627+0000] {processor.py:830} INFO - Processing file /opt/airflow/dags/data_pipeline.py for tasks to queue
[2026-02-27T00:32:22.628+0000] {logging_mixin.py:188} INFO - [2026-02-27T00:32:22.628+0000] {dagbag.py:538} INFO - Filling up the DagBag from /opt/airflow/dags/data_pipeline.py
[2026-02-27T00:32:22.647+0000] {processor.py:840} INFO - DAG(s) 'data_pipeline' retrieved from /opt/airflow/dags/data_pipeline.py
[2026-02-27T00:32:22.667+0000] {logging_mixin.py:188} INFO - [2026-02-27T00:32:22.667+0000] {dag.py:3036} INFO - Sync 1 DAGs
[2026-02-27T00:32:22.687+0000] {logging_mixin.py:188} INFO - [2026-02-27T00:32:22.687+0000] {dag.py:3823} INFO - Setting next_dagrun for data_pipeline to 2026-02-27 00:00:00+00:00, run_after=2026-02-27 01:00:00+00:00
[2026-02-27T00:32:22.712+0000] {processor.py:183} INFO - Processing /opt/airflow/dags/data_pipeline.py took 0.088 seconds
[2026-02-27T00:32:52.896+0000] {processor.py:161} INFO - Started process (PID=574) to work on /opt/airflow/dags/data_pipeline.py
[2026-02-27T00:32:52.898+0000] {processor.py:830} INFO - Processing file /opt/airflow/dags/data_pipeline.py for tasks to queue
[2026-02-27T00:32:52.901+0000] {logging_mixin.py:188} INFO - [2026-02-27T00:32:52.899+0000] {dagbag.py:538} INFO - Filling up the DagBag from /opt/airflow/dags/data_pipeline.py
[2026-02-27T00:32:52.918+0000] {processor.py:840} INFO - DAG(s) 'data_pipeline' retrieved from /opt/airflow/dags/data_pipeline.py
[2026-02-27T00:32:52.936+0000] {logging_mixin.py:188} INFO - [2026-02-27T00:32:52.936+0000] {dag.py:3036} INFO - Sync 1 DAGs
[2026-02-27T00:32:52.955+0000] {logging_mixin.py:188} INFO - [2026-02-27T00:32:52.955+0000] {dag.py:3823} INFO - Setting next_dagrun for data_pipeline to 2026-02-27 00:00:00+00:00, run_after=2026-02-27 01:00:00+00:00
[2026-02-27T00:32:52.977+0000] {processor.py:183} INFO - Processing /opt/airflow/dags/data_pipeline.py took 0.083 seconds
[2026-02-27T00:33:23.087+0000] {processor.py:161} INFO - Started process (PID=575) to work on /opt/airflow/dags/data_pipeline.py
[2026-02-27T00:33:23.090+0000] {processor.py:830} INFO - Processing file /opt/airflow/dags/data_pipeline.py for tasks to queue
[2026-02-27T00:33:23.091+0000] {logging_mixin.py:188} INFO - [2026-02-27T00:33:23.090+0000] {dagbag.py:538} INFO - Filling up the DagBag from /opt/airflow/dags/data_pipeline.py
[2026-02-27T00:33:23.117+0000] {processor.py:840} INFO - DAG(s) 'data_pipeline' retrieved from /opt/airflow/dags/data_pipeline.py
[2026-02-27T00:33:23.147+0000] {logging_mixin.py:188} INFO - [2026-02-27T00:33:23.147+0000] {dag.py:3036} INFO - Sync 1 DAGs
[2026-02-27T00:33:23.170+0000] {logging_mixin.py:188} INFO - [2026-02-27T00:33:23.170+0000] {dag.py:3823} INFO - Setting next_dagrun for data_pipeline to 2026-02-27 00:00:00+00:00, run_after=2026-02-27 01:00:00+00:00
[2026-02-27T00:33:23.194+0000] {processor.py:183} INFO - Processing /opt/airflow/dags/data_pipeline.py took 0.109 seconds
[2026-02-27T00:33:53.377+0000] {processor.py:161} INFO - Started process (PID=576) to work on /opt/airflow/dags/data_pipeline.py
[2026-02-27T00:33:53.378+0000] {processor.py:830} INFO - Processing file /opt/airflow/dags/data_pipeline.py for tasks to queue
[2026-02-27T00:33:53.379+0000] {logging_mixin.py:188} INFO - [2026-02-27T00:33:53.378+0000] {dagbag.py:538} INFO - Filling up the DagBag from /opt/airflow/dags/data_pipeline.py
[2026-02-27T00:33:53.397+0000] {processor.py:840} INFO - DAG(s) 'data_pipeline' retrieved from /opt/airflow/dags/data_pipeline.py
[2026-02-27T00:33:53.416+0000] {logging_mixin.py:188} INFO - [2026-02-27T00:33:53.415+0000] {dag.py:3036} INFO - Sync 1 DAGs
[2026-02-27T00:33:53.434+0000] {logging_mixin.py:188} INFO - [2026-02-27T00:33:53.434+0000] {dag.py:3823} INFO - Setting next_dagrun for data_pipeline to 2026-02-27 00:00:00+00:00, run_after=2026-02-27 01:00:00+00:00
[2026-02-27T00:33:53.461+0000] {processor.py:183} INFO - Processing /opt/airflow/dags/data_pipeline.py took 0.087 seconds
[2026-02-27T00:34:23.672+0000] {processor.py:161} INFO - Started process (PID=577) to work on /opt/airflow/dags/data_pipeline.py
[2026-02-27T00:34:23.673+0000] {processor.py:830} INFO - Processing file /opt/airflow/dags/data_pipeline.py for tasks to queue
[2026-02-27T00:34:23.674+0000] {logging_mixin.py:188} INFO - [2026-02-27T00:34:23.674+0000] {dagbag.py:538} INFO - Filling up the DagBag from /opt/airflow/dags/data_pipeline.py
[2026-02-27T00:34:23.696+0000] {processor.py:840} INFO - DAG(s) 'data_pipeline' retrieved from /opt/airflow/dags/data_pipeline.py
[2026-02-27T00:34:23.715+0000] {logging_mixin.py:188} INFO - [2026-02-27T00:34:23.715+0000] {dag.py:3036} INFO - Sync 1 DAGs
[2026-02-27T00:34:23.735+0000] {logging_mixin.py:188} INFO - [2026-02-27T00:34:23.735+0000] {dag.py:3823} INFO - Setting next_dagrun for data_pipeline to 2026-02-27 00:00:00+00:00, run_after=2026-02-27 01:00:00+00:00
[2026-02-27T00:34:23.761+0000] {processor.py:183} INFO - Processing /opt/airflow/dags/data_pipeline.py took 0.093 seconds
[2026-02-27T00:34:53.967+0000] {processor.py:161} INFO - Started process (PID=578) to work on /opt/airflow/dags/data_pipeline.py
[2026-02-27T00:34:53.968+0000] {processor.py:830} INFO - Processing file /opt/airflow/dags/data_pipeline.py for tasks to queue
[2026-02-27T00:34:53.969+0000] {logging_mixin.py:188} INFO - [2026-02-27T00:34:53.968+0000] {dagbag.py:538} INFO - Filling up the DagBag from /opt/airflow/dags/data_pipeline.py
[2026-02-27T00:34:53.988+0000] {processor.py:840} INFO - DAG(s) 'data_pipeline' retrieved from /opt/airflow/dags/data_pipeline.py
[2026-02-27T00:34:54.008+0000] {logging_mixin.py:188} INFO - [2026-02-27T00:34:54.007+0000] {dag.py:3036} INFO - Sync 1 DAGs
[2026-02-27T00:34:54.026+0000] {logging_mixin.py:188} INFO - [2026-02-27T00:34:54.026+0000] {dag.py:3823} INFO - Setting next_dagrun for data_pipeline to 2026-02-27 00:00:00+00:00, run_after=2026-02-27 01:00:00+00:00
[2026-02-27T00:34:54.054+0000] {processor.py:183} INFO - Processing /opt/airflow/dags/data_pipeline.py took 0.089 seconds
[2026-02-27T00:35:24.274+0000] {processor.py:161} INFO - Started process (PID=579) to work on /opt/airflow/dags/data_pipeline.py
[2026-02-27T00:35:24.275+0000] {processor.py:830} INFO - Processing file /opt/airflow/dags/data_pipeline.py for tasks to queue
[2026-02-27T00:35:24.277+0000] {logging_mixin.py:188} INFO - [2026-02-27T00:35:24.276+0000] {dagbag.py:538} INFO - Filling up the DagBag from /opt/airflow/dags/data_pipeline.py
[2026-02-27T00:35:24.296+0000] {processor.py:840} INFO - DAG(s) 'data_pipeline' retrieved from /opt/airflow/dags/data_pipeline.py
[2026-02-27T00:35:24.315+0000] {logging_mixin.py:188} INFO - [2026-02-27T00:35:24.315+0000] {dag.py:3036} INFO - Sync 1 DAGs
[2026-02-27T00:35:24.335+0000] {logging_mixin.py:188} INFO - [2026-02-27T00:35:24.335+0000] {dag.py:3823} INFO - Setting next_dagrun for data_pipeline to 2026-02-27 00:00:00+00:00, run_after=2026-02-27 01:00:00+00:00
[2026-02-27T00:35:24.359+0000] {processor.py:183} INFO - Processing /opt/airflow/dags/data_pipeline.py took 0.087 seconds
[2026-02-27T00:35:54.555+0000] {processor.py:161} INFO - Started process (PID=580) to work on /opt/airflow/dags/data_pipeline.py
[2026-02-27T00:35:54.556+0000] {processor.py:830} INFO - Processing file /opt/airflow/dags/data_pipeline.py for tasks to queue
[2026-02-27T00:35:54.557+0000] {logging_mixin.py:188} INFO - [2026-02-27T00:35:54.556+0000] {dagbag.py:538} INFO - Filling up the DagBag from /opt/airflow/dags/data_pipeline.py
[2026-02-27T00:35:54.575+0000] {processor.py:840} INFO - DAG(s) 'data_pipeline' retrieved from /opt/airflow/dags/data_pipeline.py
[2026-02-27T00:35:54.595+0000] {logging_mixin.py:188} INFO - [2026-02-27T00:35:54.595+0000] {dag.py:3036} INFO - Sync 1 DAGs
[2026-02-27T00:35:54.618+0000] {logging_mixin.py:188} INFO - [2026-02-27T00:35:54.617+0000] {dag.py:3823} INFO - Setting next_dagrun for data_pipeline to 2026-02-27 00:00:00+00:00, run_after=2026-02-27 01:00:00+00:00
[2026-02-27T00:35:54.647+0000] {processor.py:183} INFO - Processing /opt/airflow/dags/data_pipeline.py took 0.097 seconds
[2026-02-27T10:11:23.129+0000] {processor.py:161} INFO - Started process (PID=91) to work on /opt/airflow/dags/data_pipeline.py
[2026-02-27T10:11:23.131+0000] {processor.py:830} INFO - Processing file /opt/airflow/dags/data_pipeline.py for tasks to queue
[2026-02-27T10:11:23.132+0000] {logging_mixin.py:188} INFO - [2026-02-27T10:11:23.132+0000] {dagbag.py:538} INFO - Filling up the DagBag from /opt/airflow/dags/data_pipeline.py
[2026-02-27T10:11:23.419+0000] {processor.py:840} INFO - DAG(s) 'fred_pipeline' retrieved from /opt/airflow/dags/data_pipeline.py
[2026-02-27T10:11:23.427+0000] {logging_mixin.py:188} INFO - [2026-02-27T10:11:23.426+0000] {dag.py:3036} INFO - Sync 1 DAGs
[2026-02-27T10:11:23.449+0000] {logging_mixin.py:188} INFO - [2026-02-27T10:11:23.449+0000] {dag.py:3823} INFO - Setting next_dagrun for fred_pipeline to 2026-02-27 09:00:00+00:00, run_after=2026-02-27 10:00:00+00:00
[2026-02-27T10:11:23.474+0000] {processor.py:183} INFO - Processing /opt/airflow/dags/data_pipeline.py took 0.348 seconds
[2026-02-27T10:11:54.235+0000] {processor.py:161} INFO - Started process (PID=110) to work on /opt/airflow/dags/data_pipeline.py
[2026-02-27T10:11:54.236+0000] {processor.py:830} INFO - Processing file /opt/airflow/dags/data_pipeline.py for tasks to queue
[2026-02-27T10:11:54.237+0000] {logging_mixin.py:188} INFO - [2026-02-27T10:11:54.237+0000] {dagbag.py:538} INFO - Filling up the DagBag from /opt/airflow/dags/data_pipeline.py
[2026-02-27T10:11:54.468+0000] {processor.py:840} INFO - DAG(s) 'fred_pipeline' retrieved from /opt/airflow/dags/data_pipeline.py
[2026-02-27T10:11:54.542+0000] {logging_mixin.py:188} INFO - [2026-02-27T10:11:54.542+0000] {dag.py:3036} INFO - Sync 1 DAGs
[2026-02-27T10:11:54.677+0000] {logging_mixin.py:188} INFO - [2026-02-27T10:11:54.677+0000] {dag.py:3823} INFO - Setting next_dagrun for fred_pipeline to 2026-02-27 09:00:00+00:00, run_after=2026-02-27 10:00:00+00:00
[2026-02-27T10:11:54.696+0000] {processor.py:183} INFO - Processing /opt/airflow/dags/data_pipeline.py took 0.463 seconds
[2026-02-27T10:12:25.576+0000] {processor.py:161} INFO - Started process (PID=115) to work on /opt/airflow/dags/data_pipeline.py
[2026-02-27T10:12:25.577+0000] {processor.py:830} INFO - Processing file /opt/airflow/dags/data_pipeline.py for tasks to queue
[2026-02-27T10:12:25.578+0000] {logging_mixin.py:188} INFO - [2026-02-27T10:12:25.578+0000] {dagbag.py:538} INFO - Filling up the DagBag from /opt/airflow/dags/data_pipeline.py
[2026-02-27T10:12:25.978+0000] {processor.py:840} INFO - DAG(s) 'fred_pipeline' retrieved from /opt/airflow/dags/data_pipeline.py
[2026-02-27T10:12:26.000+0000] {logging_mixin.py:188} INFO - [2026-02-27T10:12:26.000+0000] {dag.py:3036} INFO - Sync 1 DAGs
[2026-02-27T10:12:26.021+0000] {logging_mixin.py:188} INFO - [2026-02-27T10:12:26.021+0000] {dag.py:3823} INFO - Setting next_dagrun for fred_pipeline to 2026-02-27 09:00:00+00:00, run_after=2026-02-27 10:00:00+00:00
[2026-02-27T10:12:26.047+0000] {processor.py:183} INFO - Processing /opt/airflow/dags/data_pipeline.py took 0.474 seconds
[2026-02-27T10:12:56.819+0000] {processor.py:161} INFO - Started process (PID=120) to work on /opt/airflow/dags/data_pipeline.py
[2026-02-27T10:12:56.820+0000] {processor.py:830} INFO - Processing file /opt/airflow/dags/data_pipeline.py for tasks to queue
[2026-02-27T10:12:56.821+0000] {logging_mixin.py:188} INFO - [2026-02-27T10:12:56.821+0000] {dagbag.py:538} INFO - Filling up the DagBag from /opt/airflow/dags/data_pipeline.py
[2026-02-27T10:12:57.084+0000] {processor.py:840} INFO - DAG(s) 'fred_pipeline' retrieved from /opt/airflow/dags/data_pipeline.py
[2026-02-27T10:12:57.103+0000] {logging_mixin.py:188} INFO - [2026-02-27T10:12:57.102+0000] {dag.py:3036} INFO - Sync 1 DAGs
[2026-02-27T10:12:57.123+0000] {logging_mixin.py:188} INFO - [2026-02-27T10:12:57.122+0000] {dag.py:3823} INFO - Setting next_dagrun for fred_pipeline to 2026-02-27 09:00:00+00:00, run_after=2026-02-27 10:00:00+00:00
[2026-02-27T10:12:57.143+0000] {processor.py:183} INFO - Processing /opt/airflow/dags/data_pipeline.py took 0.327 seconds
[2026-02-27T10:13:28.133+0000] {processor.py:161} INFO - Started process (PID=125) to work on /opt/airflow/dags/data_pipeline.py
[2026-02-27T10:13:28.134+0000] {processor.py:830} INFO - Processing file /opt/airflow/dags/data_pipeline.py for tasks to queue
[2026-02-27T10:13:28.135+0000] {logging_mixin.py:188} INFO - [2026-02-27T10:13:28.135+0000] {dagbag.py:538} INFO - Filling up the DagBag from /opt/airflow/dags/data_pipeline.py
[2026-02-27T10:13:28.510+0000] {processor.py:840} INFO - DAG(s) 'fred_pipeline' retrieved from /opt/airflow/dags/data_pipeline.py
[2026-02-27T10:13:28.535+0000] {logging_mixin.py:188} INFO - [2026-02-27T10:13:28.535+0000] {dag.py:3036} INFO - Sync 1 DAGs
[2026-02-27T10:13:28.554+0000] {logging_mixin.py:188} INFO - [2026-02-27T10:13:28.554+0000] {dag.py:3823} INFO - Setting next_dagrun for fred_pipeline to 2026-02-27 09:00:00+00:00, run_after=2026-02-27 10:00:00+00:00
[2026-02-27T10:13:28.576+0000] {processor.py:183} INFO - Processing /opt/airflow/dags/data_pipeline.py took 0.445 seconds
[2026-02-27T10:13:59.282+0000] {processor.py:161} INFO - Started process (PID=130) to work on /opt/airflow/dags/data_pipeline.py
[2026-02-27T10:13:59.283+0000] {processor.py:830} INFO - Processing file /opt/airflow/dags/data_pipeline.py for tasks to queue
[2026-02-27T10:13:59.284+0000] {logging_mixin.py:188} INFO - [2026-02-27T10:13:59.283+0000] {dagbag.py:538} INFO - Filling up the DagBag from /opt/airflow/dags/data_pipeline.py
[2026-02-27T10:13:59.505+0000] {processor.py:840} INFO - DAG(s) 'fred_pipeline' retrieved from /opt/airflow/dags/data_pipeline.py
[2026-02-27T10:13:59.520+0000] {logging_mixin.py:188} INFO - [2026-02-27T10:13:59.519+0000] {dag.py:3036} INFO - Sync 1 DAGs
[2026-02-27T10:13:59.534+0000] {logging_mixin.py:188} INFO - [2026-02-27T10:13:59.534+0000] {dag.py:3823} INFO - Setting next_dagrun for fred_pipeline to 2026-02-27 09:00:00+00:00, run_after=2026-02-27 10:00:00+00:00
[2026-02-27T10:13:59.559+0000] {processor.py:183} INFO - Processing /opt/airflow/dags/data_pipeline.py took 0.279 seconds
[2026-02-27T10:14:29.832+0000] {processor.py:161} INFO - Started process (PID=135) to work on /opt/airflow/dags/data_pipeline.py
[2026-02-27T10:14:29.833+0000] {processor.py:830} INFO - Processing file /opt/airflow/dags/data_pipeline.py for tasks to queue
[2026-02-27T10:14:29.834+0000] {logging_mixin.py:188} INFO - [2026-02-27T10:14:29.834+0000] {dagbag.py:538} INFO - Filling up the DagBag from /opt/airflow/dags/data_pipeline.py
[2026-02-27T10:14:30.224+0000] {processor.py:840} INFO - DAG(s) 'fred_pipeline' retrieved from /opt/airflow/dags/data_pipeline.py
[2026-02-27T10:14:30.248+0000] {logging_mixin.py:188} INFO - [2026-02-27T10:14:30.247+0000] {dag.py:3036} INFO - Sync 1 DAGs
[2026-02-27T10:14:30.266+0000] {logging_mixin.py:188} INFO - [2026-02-27T10:14:30.266+0000] {dag.py:3823} INFO - Setting next_dagrun for fred_pipeline to 2026-02-27 09:00:00+00:00, run_after=2026-02-27 10:00:00+00:00
[2026-02-27T10:14:30.290+0000] {processor.py:183} INFO - Processing /opt/airflow/dags/data_pipeline.py took 0.461 seconds
[2026-02-27T10:15:00.594+0000] {processor.py:161} INFO - Started process (PID=140) to work on /opt/airflow/dags/data_pipeline.py
[2026-02-27T10:15:00.596+0000] {processor.py:830} INFO - Processing file /opt/airflow/dags/data_pipeline.py for tasks to queue
[2026-02-27T10:15:00.597+0000] {logging_mixin.py:188} INFO - [2026-02-27T10:15:00.597+0000] {dagbag.py:538} INFO - Filling up the DagBag from /opt/airflow/dags/data_pipeline.py
[2026-02-27T10:15:00.835+0000] {processor.py:840} INFO - DAG(s) 'fred_pipeline' retrieved from /opt/airflow/dags/data_pipeline.py
[2026-02-27T10:15:00.853+0000] {logging_mixin.py:188} INFO - [2026-02-27T10:15:00.853+0000] {dag.py:3036} INFO - Sync 1 DAGs
[2026-02-27T10:15:00.870+0000] {logging_mixin.py:188} INFO - [2026-02-27T10:15:00.870+0000] {dag.py:3823} INFO - Setting next_dagrun for fred_pipeline to 2026-02-27 09:00:00+00:00, run_after=2026-02-27 10:00:00+00:00
[2026-02-27T10:15:00.891+0000] {processor.py:183} INFO - Processing /opt/airflow/dags/data_pipeline.py took 0.299 seconds
[2026-02-27T10:15:31.229+0000] {processor.py:161} INFO - Started process (PID=145) to work on /opt/airflow/dags/data_pipeline.py
[2026-02-27T10:15:31.230+0000] {processor.py:830} INFO - Processing file /opt/airflow/dags/data_pipeline.py for tasks to queue
[2026-02-27T10:15:31.231+0000] {logging_mixin.py:188} INFO - [2026-02-27T10:15:31.231+0000] {dagbag.py:538} INFO - Filling up the DagBag from /opt/airflow/dags/data_pipeline.py
[2026-02-27T10:15:31.476+0000] {processor.py:840} INFO - DAG(s) 'fred_pipeline' retrieved from /opt/airflow/dags/data_pipeline.py
[2026-02-27T10:15:31.502+0000] {logging_mixin.py:188} INFO - [2026-02-27T10:15:31.502+0000] {dag.py:3036} INFO - Sync 1 DAGs
[2026-02-27T10:15:31.520+0000] {logging_mixin.py:188} INFO - [2026-02-27T10:15:31.519+0000] {dag.py:3823} INFO - Setting next_dagrun for fred_pipeline to 2026-02-27 09:00:00+00:00, run_after=2026-02-27 10:00:00+00:00
[2026-02-27T10:15:31.543+0000] {processor.py:183} INFO - Processing /opt/airflow/dags/data_pipeline.py took 0.317 seconds
[2026-02-27T10:16:01.883+0000] {processor.py:161} INFO - Started process (PID=150) to work on /opt/airflow/dags/data_pipeline.py
[2026-02-27T10:16:01.884+0000] {processor.py:830} INFO - Processing file /opt/airflow/dags/data_pipeline.py for tasks to queue
[2026-02-27T10:16:01.885+0000] {logging_mixin.py:188} INFO - [2026-02-27T10:16:01.884+0000] {dagbag.py:538} INFO - Filling up the DagBag from /opt/airflow/dags/data_pipeline.py
[2026-02-27T10:16:02.126+0000] {processor.py:840} INFO - DAG(s) 'fred_pipeline' retrieved from /opt/airflow/dags/data_pipeline.py
[2026-02-27T10:16:02.143+0000] {logging_mixin.py:188} INFO - [2026-02-27T10:16:02.143+0000] {dag.py:3036} INFO - Sync 1 DAGs
[2026-02-27T10:16:02.161+0000] {logging_mixin.py:188} INFO - [2026-02-27T10:16:02.160+0000] {dag.py:3823} INFO - Setting next_dagrun for fred_pipeline to 2026-02-27 09:00:00+00:00, run_after=2026-02-27 10:00:00+00:00
[2026-02-27T10:16:02.182+0000] {processor.py:183} INFO - Processing /opt/airflow/dags/data_pipeline.py took 0.301 seconds
[2026-02-27T10:16:32.545+0000] {processor.py:161} INFO - Started process (PID=155) to work on /opt/airflow/dags/data_pipeline.py
[2026-02-27T10:16:32.547+0000] {processor.py:830} INFO - Processing file /opt/airflow/dags/data_pipeline.py for tasks to queue
[2026-02-27T10:16:32.548+0000] {logging_mixin.py:188} INFO - [2026-02-27T10:16:32.548+0000] {dagbag.py:538} INFO - Filling up the DagBag from /opt/airflow/dags/data_pipeline.py
[2026-02-27T10:16:32.928+0000] {processor.py:840} INFO - DAG(s) 'fred_pipeline' retrieved from /opt/airflow/dags/data_pipeline.py
[2026-02-27T10:16:32.949+0000] {logging_mixin.py:188} INFO - [2026-02-27T10:16:32.949+0000] {dag.py:3036} INFO - Sync 1 DAGs
[2026-02-27T10:16:32.971+0000] {logging_mixin.py:188} INFO - [2026-02-27T10:16:32.970+0000] {dag.py:3823} INFO - Setting next_dagrun for fred_pipeline to 2026-02-27 09:00:00+00:00, run_after=2026-02-27 10:00:00+00:00
[2026-02-27T10:16:32.990+0000] {processor.py:183} INFO - Processing /opt/airflow/dags/data_pipeline.py took 0.447 seconds
[2026-02-27T10:16:44.103+0000] {processor.py:161} INFO - Started process (PID=160) to work on /opt/airflow/dags/data_pipeline.py
[2026-02-27T10:16:44.104+0000] {processor.py:830} INFO - Processing file /opt/airflow/dags/data_pipeline.py for tasks to queue
[2026-02-27T10:16:44.105+0000] {logging_mixin.py:188} INFO - [2026-02-27T10:16:44.104+0000] {dagbag.py:538} INFO - Filling up the DagBag from /opt/airflow/dags/data_pipeline.py
[2026-02-27T10:16:44.336+0000] {processor.py:840} INFO - DAG(s) 'data_pipeline' retrieved from /opt/airflow/dags/data_pipeline.py
[2026-02-27T10:16:44.579+0000] {logging_mixin.py:188} INFO - [2026-02-27T10:16:44.578+0000] {dag.py:3036} INFO - Sync 1 DAGs
[2026-02-27T10:16:44.598+0000] {logging_mixin.py:188} INFO - [2026-02-27T10:16:44.598+0000] {dag.py:3823} INFO - Setting next_dagrun for data_pipeline to 2026-02-27 09:00:00+00:00, run_after=2026-02-27 10:00:00+00:00
[2026-02-27T10:16:44.625+0000] {processor.py:183} INFO - Processing /opt/airflow/dags/data_pipeline.py took 0.525 seconds
[2026-02-27T10:17:21.028+0000] {processor.py:161} INFO - Started process (PID=92) to work on /opt/airflow/dags/data_pipeline.py
[2026-02-27T10:17:21.030+0000] {processor.py:830} INFO - Processing file /opt/airflow/dags/data_pipeline.py for tasks to queue
[2026-02-27T10:17:21.030+0000] {logging_mixin.py:188} INFO - [2026-02-27T10:17:21.030+0000] {dagbag.py:538} INFO - Filling up the DagBag from /opt/airflow/dags/data_pipeline.py
[2026-02-27T10:17:21.293+0000] {processor.py:840} INFO - DAG(s) 'data_pipeline' retrieved from /opt/airflow/dags/data_pipeline.py
[2026-02-27T10:17:21.304+0000] {logging_mixin.py:188} INFO - [2026-02-27T10:17:21.302+0000] {dag.py:3036} INFO - Sync 1 DAGs
[2026-02-27T10:17:21.328+0000] {logging_mixin.py:188} INFO - [2026-02-27T10:17:21.328+0000] {dag.py:3823} INFO - Setting next_dagrun for data_pipeline to 2026-02-27 10:00:00+00:00, run_after=2026-02-27 11:00:00+00:00
[2026-02-27T10:17:21.352+0000] {processor.py:183} INFO - Processing /opt/airflow/dags/data_pipeline.py took 0.327 seconds
[2026-02-27T10:17:52.214+0000] {processor.py:161} INFO - Started process (PID=110) to work on /opt/airflow/dags/data_pipeline.py
[2026-02-27T10:17:52.216+0000] {processor.py:830} INFO - Processing file /opt/airflow/dags/data_pipeline.py for tasks to queue
[2026-02-27T10:17:52.217+0000] {logging_mixin.py:188} INFO - [2026-02-27T10:17:52.216+0000] {dagbag.py:538} INFO - Filling up the DagBag from /opt/airflow/dags/data_pipeline.py
[2026-02-27T10:17:52.438+0000] {processor.py:840} INFO - DAG(s) 'data_pipeline' retrieved from /opt/airflow/dags/data_pipeline.py
[2026-02-27T10:17:52.518+0000] {logging_mixin.py:188} INFO - [2026-02-27T10:17:52.517+0000] {dag.py:3036} INFO - Sync 1 DAGs
[2026-02-27T10:17:52.655+0000] {logging_mixin.py:188} INFO - [2026-02-27T10:17:52.655+0000] {dag.py:3823} INFO - Setting next_dagrun for data_pipeline to 2026-02-27 10:00:00+00:00, run_after=2026-02-27 11:00:00+00:00
[2026-02-27T10:17:52.679+0000] {processor.py:183} INFO - Processing /opt/airflow/dags/data_pipeline.py took 0.467 seconds
[2026-02-27T10:18:23.491+0000] {processor.py:161} INFO - Started process (PID=115) to work on /opt/airflow/dags/data_pipeline.py
[2026-02-27T10:18:23.492+0000] {processor.py:830} INFO - Processing file /opt/airflow/dags/data_pipeline.py for tasks to queue
[2026-02-27T10:18:23.493+0000] {logging_mixin.py:188} INFO - [2026-02-27T10:18:23.492+0000] {dagbag.py:538} INFO - Filling up the DagBag from /opt/airflow/dags/data_pipeline.py
[2026-02-27T10:18:23.737+0000] {processor.py:840} INFO - DAG(s) 'data_pipeline' retrieved from /opt/airflow/dags/data_pipeline.py
[2026-02-27T10:18:23.757+0000] {logging_mixin.py:188} INFO - [2026-02-27T10:18:23.757+0000] {dag.py:3036} INFO - Sync 1 DAGs
[2026-02-27T10:18:23.783+0000] {logging_mixin.py:188} INFO - [2026-02-27T10:18:23.783+0000] {dag.py:3823} INFO - Setting next_dagrun for data_pipeline to 2026-02-27 10:00:00+00:00, run_after=2026-02-27 11:00:00+00:00
[2026-02-27T10:18:23.808+0000] {processor.py:183} INFO - Processing /opt/airflow/dags/data_pipeline.py took 0.319 seconds
[2026-02-27T10:18:54.773+0000] {processor.py:161} INFO - Started process (PID=120) to work on /opt/airflow/dags/data_pipeline.py
[2026-02-27T10:18:54.774+0000] {processor.py:830} INFO - Processing file /opt/airflow/dags/data_pipeline.py for tasks to queue
[2026-02-27T10:18:54.775+0000] {logging_mixin.py:188} INFO - [2026-02-27T10:18:54.775+0000] {dagbag.py:538} INFO - Filling up the DagBag from /opt/airflow/dags/data_pipeline.py
[2026-02-27T10:18:54.990+0000] {processor.py:840} INFO - DAG(s) 'data_pipeline' retrieved from /opt/airflow/dags/data_pipeline.py
[2026-02-27T10:18:55.006+0000] {logging_mixin.py:188} INFO - [2026-02-27T10:18:55.006+0000] {dag.py:3036} INFO - Sync 1 DAGs
[2026-02-27T10:18:55.022+0000] {logging_mixin.py:188} INFO - [2026-02-27T10:18:55.022+0000] {dag.py:3823} INFO - Setting next_dagrun for data_pipeline to 2026-02-27 10:00:00+00:00, run_after=2026-02-27 11:00:00+00:00
[2026-02-27T10:18:55.041+0000] {processor.py:183} INFO - Processing /opt/airflow/dags/data_pipeline.py took 0.270 seconds
[2026-02-27T10:19:26.051+0000] {processor.py:161} INFO - Started process (PID=125) to work on /opt/airflow/dags/data_pipeline.py
[2026-02-27T10:19:26.052+0000] {processor.py:830} INFO - Processing file /opt/airflow/dags/data_pipeline.py for tasks to queue
[2026-02-27T10:19:26.053+0000] {logging_mixin.py:188} INFO - [2026-02-27T10:19:26.053+0000] {dagbag.py:538} INFO - Filling up the DagBag from /opt/airflow/dags/data_pipeline.py
[2026-02-27T10:19:26.266+0000] {processor.py:840} INFO - DAG(s) 'data_pipeline' retrieved from /opt/airflow/dags/data_pipeline.py
[2026-02-27T10:19:26.283+0000] {logging_mixin.py:188} INFO - [2026-02-27T10:19:26.283+0000] {dag.py:3036} INFO - Sync 1 DAGs
[2026-02-27T10:19:26.300+0000] {logging_mixin.py:188} INFO - [2026-02-27T10:19:26.300+0000] {dag.py:3823} INFO - Setting next_dagrun for data_pipeline to 2026-02-27 10:00:00+00:00, run_after=2026-02-27 11:00:00+00:00
[2026-02-27T10:19:26.320+0000] {processor.py:183} INFO - Processing /opt/airflow/dags/data_pipeline.py took 0.271 seconds
[2026-02-27T10:19:57.205+0000] {processor.py:161} INFO - Started process (PID=130) to work on /opt/airflow/dags/data_pipeline.py
[2026-02-27T10:19:57.206+0000] {processor.py:830} INFO - Processing file /opt/airflow/dags/data_pipeline.py for tasks to queue
[2026-02-27T10:19:57.207+0000] {logging_mixin.py:188} INFO - [2026-02-27T10:19:57.207+0000] {dagbag.py:538} INFO - Filling up the DagBag from /opt/airflow/dags/data_pipeline.py
[2026-02-27T10:19:57.434+0000] {processor.py:840} INFO - DAG(s) 'data_pipeline' retrieved from /opt/airflow/dags/data_pipeline.py
[2026-02-27T10:19:57.452+0000] {logging_mixin.py:188} INFO - [2026-02-27T10:19:57.452+0000] {dag.py:3036} INFO - Sync 1 DAGs
[2026-02-27T10:19:57.469+0000] {logging_mixin.py:188} INFO - [2026-02-27T10:19:57.469+0000] {dag.py:3823} INFO - Setting next_dagrun for data_pipeline to 2026-02-27 10:00:00+00:00, run_after=2026-02-27 11:00:00+00:00
[2026-02-27T10:19:57.488+0000] {processor.py:183} INFO - Processing /opt/airflow/dags/data_pipeline.py took 0.286 seconds
[2026-02-27T10:20:27.785+0000] {processor.py:161} INFO - Started process (PID=135) to work on /opt/airflow/dags/data_pipeline.py
[2026-02-27T10:20:27.786+0000] {processor.py:830} INFO - Processing file /opt/airflow/dags/data_pipeline.py for tasks to queue
[2026-02-27T10:20:27.787+0000] {logging_mixin.py:188} INFO - [2026-02-27T10:20:27.786+0000] {dagbag.py:538} INFO - Filling up the DagBag from /opt/airflow/dags/data_pipeline.py
[2026-02-27T10:20:27.996+0000] {processor.py:840} INFO - DAG(s) 'data_pipeline' retrieved from /opt/airflow/dags/data_pipeline.py
[2026-02-27T10:20:28.013+0000] {logging_mixin.py:188} INFO - [2026-02-27T10:20:28.013+0000] {dag.py:3036} INFO - Sync 1 DAGs
[2026-02-27T10:20:28.031+0000] {logging_mixin.py:188} INFO - [2026-02-27T10:20:28.031+0000] {dag.py:3823} INFO - Setting next_dagrun for data_pipeline to 2026-02-27 10:00:00+00:00, run_after=2026-02-27 11:00:00+00:00
[2026-02-27T10:20:28.052+0000] {processor.py:183} INFO - Processing /opt/airflow/dags/data_pipeline.py took 0.269 seconds
[2026-02-27T10:20:58.363+0000] {processor.py:161} INFO - Started process (PID=146) to work on /opt/airflow/dags/data_pipeline.py
[2026-02-27T10:20:58.364+0000] {processor.py:830} INFO - Processing file /opt/airflow/dags/data_pipeline.py for tasks to queue
[2026-02-27T10:20:58.365+0000] {logging_mixin.py:188} INFO - [2026-02-27T10:20:58.365+0000] {dagbag.py:538} INFO - Filling up the DagBag from /opt/airflow/dags/data_pipeline.py
[2026-02-27T10:20:58.584+0000] {processor.py:840} INFO - DAG(s) 'data_pipeline' retrieved from /opt/airflow/dags/data_pipeline.py
[2026-02-27T10:20:58.598+0000] {logging_mixin.py:188} INFO - [2026-02-27T10:20:58.597+0000] {dag.py:3036} INFO - Sync 1 DAGs
[2026-02-27T10:20:58.612+0000] {logging_mixin.py:188} INFO - [2026-02-27T10:20:58.612+0000] {dag.py:3823} INFO - Setting next_dagrun for data_pipeline to 2026-02-27 10:00:00+00:00, run_after=2026-02-27 11:00:00+00:00
[2026-02-27T10:20:58.636+0000] {processor.py:183} INFO - Processing /opt/airflow/dags/data_pipeline.py took 0.276 seconds
[2026-02-27T10:21:28.926+0000] {processor.py:161} INFO - Started process (PID=151) to work on /opt/airflow/dags/data_pipeline.py
[2026-02-27T10:21:28.926+0000] {processor.py:830} INFO - Processing file /opt/airflow/dags/data_pipeline.py for tasks to queue
[2026-02-27T10:21:28.927+0000] {logging_mixin.py:188} INFO - [2026-02-27T10:21:28.927+0000] {dagbag.py:538} INFO - Filling up the DagBag from /opt/airflow/dags/data_pipeline.py
[2026-02-27T10:21:29.143+0000] {processor.py:840} INFO - DAG(s) 'data_pipeline' retrieved from /opt/airflow/dags/data_pipeline.py
[2026-02-27T10:21:29.157+0000] {logging_mixin.py:188} INFO - [2026-02-27T10:21:29.157+0000] {dag.py:3036} INFO - Sync 1 DAGs
[2026-02-27T10:21:29.172+0000] {logging_mixin.py:188} INFO - [2026-02-27T10:21:29.172+0000] {dag.py:3823} INFO - Setting next_dagrun for data_pipeline to 2026-02-27 10:00:00+00:00, run_after=2026-02-27 11:00:00+00:00
[2026-02-27T10:21:29.193+0000] {processor.py:183} INFO - Processing /opt/airflow/dags/data_pipeline.py took 0.269 seconds
[2026-02-27T10:21:59.523+0000] {processor.py:161} INFO - Started process (PID=156) to work on /opt/airflow/dags/data_pipeline.py
[2026-02-27T10:21:59.524+0000] {processor.py:830} INFO - Processing file /opt/airflow/dags/data_pipeline.py for tasks to queue
[2026-02-27T10:21:59.525+0000] {logging_mixin.py:188} INFO - [2026-02-27T10:21:59.525+0000] {dagbag.py:538} INFO - Filling up the DagBag from /opt/airflow/dags/data_pipeline.py
[2026-02-27T10:21:59.826+0000] {processor.py:840} INFO - DAG(s) 'data_pipeline' retrieved from /opt/airflow/dags/data_pipeline.py
[2026-02-27T10:21:59.855+0000] {logging_mixin.py:188} INFO - [2026-02-27T10:21:59.855+0000] {dag.py:3036} INFO - Sync 1 DAGs
[2026-02-27T10:21:59.886+0000] {logging_mixin.py:188} INFO - [2026-02-27T10:21:59.886+0000] {dag.py:3823} INFO - Setting next_dagrun for data_pipeline to 2026-02-27 10:00:00+00:00, run_after=2026-02-27 11:00:00+00:00
[2026-02-27T10:21:59.919+0000] {processor.py:183} INFO - Processing /opt/airflow/dags/data_pipeline.py took 0.398 seconds
